{"E:\\openclaw\\workspace-studyass-mgr\\backend\\src\\config\\cdn.js": {"path":"E:\\openclaw\\workspace-studyass-mgr\\backend\\src\\config\\cdn.js","statementMap":{"0":{"start":{"line":7,"column":18},"end":{"line":76,"column":1}},"1":{"start":{"line":84,"column":2},"end":{"line":86,"column":3}},"2":{"start":{"line":85,"column":4},"end":{"line":85,"column":21}},"3":{"start":{"line":89,"column":25},"end":{"line":89,"column":55}},"4":{"start":{"line":92,"column":2},"end":{"line":94,"column":3}},"5":{"start":{"line":93,"column":4},"end":{"line":93,"column":51}},"6":{"start":{"line":97,"column":2},"end":{"line":101,"column":3}},"7":{"start":{"line":98,"column":4},"end":{"line":100,"column":5}},"8":{"start":{"line":99,"column":6},"end":{"line":99,"column":53}},"9":{"start":{"line":104,"column":2},"end":{"line":104,"column":19}},"10":{"start":{"line":114,"column":2},"end":{"line":116,"column":3}},"11":{"start":{"line":115,"column":4},"end":{"line":115,"column":16}},"12":{"start":{"line":119,"column":19},"end":{"line":119,"column":40}},"13":{"start":{"line":120,"column":2},"end":{"line":120,"column":35}},"14":{"start":{"line":120,"column":23},"end":{"line":120,"column":35}},"15":{"start":{"line":122,"column":15},"end":{"line":122,"column":42}},"16":{"start":{"line":123,"column":14},"end":{"line":123,"column":38}},"17":{"start":{"line":125,"column":2},"end":{"line":125,"column":56}},"18":{"start":{"line":132,"column":2},"end":{"line":138,"column":4}},"19":{"start":{"line":146,"column":2},"end":{"line":149,"column":3}},"20":{"start":{"line":147,"column":4},"end":{"line":147,"column":39}},"21":{"start":{"line":148,"column":4},"end":{"line":148,"column":11}},"22":{"start":{"line":151,"column":2},"end":{"line":151,"column":52}},"23":{"start":{"line":154,"column":2},"end":{"line":169,"column":3}},"24":{"start":{"line":157,"column":6},"end":{"line":157,"column":12}},"25":{"start":{"line":160,"column":6},"end":{"line":160,"column":12}},"26":{"start":{"line":163,"column":6},"end":{"line":163,"column":12}},"27":{"start":{"line":166,"column":6},"end":{"line":166,"column":12}},"28":{"start":{"line":168,"column":6},"end":{"line":168,"column":43}},"29":{"start":{"line":177,"column":2},"end":{"line":179,"column":3}},"30":{"start":{"line":178,"column":4},"end":{"line":178,"column":11}},"31":{"start":{"line":181,"column":2},"end":{"line":181,"column":54}},"32":{"start":{"line":184,"column":2},"end":{"line":190,"column":3}},"33":{"start":{"line":187,"column":6},"end":{"line":187,"column":12}},"34":{"start":{"line":189,"column":6},"end":{"line":189,"column":40}},"35":{"start":{"line":193,"column":0},"end":{"line":200,"column":2}}},"fnMap":{"0":{"name":"getCdnUrl","decl":{"start":{"line":83,"column":9},"end":{"line":83,"column":18}},"loc":{"start":{"line":83,"column":30},"end":{"line":105,"column":1}},"line":83},"1":{"name":"getVersionedAssetUrl","decl":{"start":{"line":113,"column":9},"end":{"line":113,"column":29}},"loc":{"start":{"line":113,"column":45},"end":{"line":126,"column":1}},"line":113},"2":{"name":"getCdnInfo","decl":{"start":{"line":131,"column":9},"end":{"line":131,"column":19}},"loc":{"start":{"line":131,"column":22},"end":{"line":139,"column":1}},"line":131},"3":{"name":"preloadToCdn","decl":{"start":{"line":145,"column":15},"end":{"line":145,"column":27}},"loc":{"start":{"line":145,"column":35},"end":{"line":170,"column":1}},"line":145},"4":{"name":"purgeCdnCache","decl":{"start":{"line":176,"column":15},"end":{"line":176,"column":28}},"loc":{"start":{"line":176,"column":36},"end":{"line":191,"column":1}},"line":176}},"branchMap":{"0":{"loc":{"start":{"line":12,"column":11},"end":{"line":12,"column":59}},"type":"binary-expr","locations":[{"start":{"line":12,"column":11},"end":{"line":12,"column":30}},{"start":{"line":12,"column":34},"end":{"line":12,"column":59}}],"line":12},"1":{"loc":{"start":{"line":15,"column":12},"end":{"line":15,"column":49}},"type":"binary-expr","locations":[{"start":{"line":15,"column":12},"end":{"line":15,"column":36}},{"start":{"line":15,"column":40},"end":{"line":15,"column":49}}],"line":15},"2":{"loc":{"start":{"line":41,"column":14},"end":{"line":41,"column":64}},"type":"binary-expr","locations":[{"start":{"line":41,"column":14},"end":{"line":41,"column":43}},{"start":{"line":41,"column":47},"end":{"line":41,"column":64}}],"line":41},"3":{"loc":{"start":{"line":44,"column":60},"end":{"line":44,"column":110}},"type":"binary-expr","locations":[{"start":{"line":44,"column":60},"end":{"line":44,"column":89}},{"start":{"line":44,"column":93},"end":{"line":44,"column":110}}],"line":44},"4":{"loc":{"start":{"line":84,"column":2},"end":{"line":86,"column":3}},"type":"if","locations":[{"start":{"line":84,"column":2},"end":{"line":86,"column":3}},{"start":{},"end":{}}],"line":84},"5":{"loc":{"start":{"line":92,"column":2},"end":{"line":94,"column":3}},"type":"if","locations":[{"start":{"line":92,"column":2},"end":{"line":94,"column":3}},{"start":{},"end":{}}],"line":92},"6":{"loc":{"start":{"line":98,"column":4},"end":{"line":100,"column":5}},"type":"if","locations":[{"start":{"line":98,"column":4},"end":{"line":100,"column":5}},{"start":{},"end":{}}],"line":98},"7":{"loc":{"start":{"line":114,"column":2},"end":{"line":116,"column":3}},"type":"if","locations":[{"start":{"line":114,"column":2},"end":{"line":116,"column":3}},{"start":{},"end":{}}],"line":114},"8":{"loc":{"start":{"line":114,"column":6},"end":{"line":114,"column":54}},"type":"binary-expr","locations":[{"start":{"line":114,"column":6},"end":{"line":114,"column":24}},{"start":{"line":114,"column":28},"end":{"line":114,"column":54}}],"line":114},"9":{"loc":{"start":{"line":120,"column":2},"end":{"line":120,"column":35}},"type":"if","locations":[{"start":{"line":120,"column":2},"end":{"line":120,"column":35}},{"start":{},"end":{}}],"line":120},"10":{"loc":{"start":{"line":146,"column":2},"end":{"line":149,"column":3}},"type":"if","locations":[{"start":{"line":146,"column":2},"end":{"line":149,"column":3}},{"start":{},"end":{}}],"line":146},"11":{"loc":{"start":{"line":154,"column":2},"end":{"line":169,"column":3}},"type":"switch","locations":[{"start":{"line":155,"column":4},"end":{"line":157,"column":12}},{"start":{"line":158,"column":4},"end":{"line":160,"column":12}},{"start":{"line":161,"column":4},"end":{"line":163,"column":12}},{"start":{"line":164,"column":4},"end":{"line":166,"column":12}},{"start":{"line":167,"column":4},"end":{"line":168,"column":43}}],"line":154},"12":{"loc":{"start":{"line":177,"column":2},"end":{"line":179,"column":3}},"type":"if","locations":[{"start":{"line":177,"column":2},"end":{"line":179,"column":3}},{"start":{},"end":{}}],"line":177},"13":{"loc":{"start":{"line":184,"column":2},"end":{"line":190,"column":3}},"type":"switch","locations":[{"start":{"line":185,"column":4},"end":{"line":187,"column":12}},{"start":{"line":188,"column":4},"end":{"line":189,"column":40}}],"line":184}},"s":{"0":0,"1":0,"2":0,"3":0,"4":0,"5":0,"6":0,"7":0,"8":0,"9":0,"10":0,"11":0,"12":0,"13":0,"14":0,"15":0,"16":0,"17":0,"18":0,"19":0,"20":0,"21":0,"22":0,"23":0,"24":0,"25":0,"26":0,"27":0,"28":0,"29":0,"30":0,"31":0,"32":0,"33":0,"34":0,"35":0},"f":{"0":0,"1":0,"2":0,"3":0,"4":0},"b":{"0":[0,0],"1":[0,0],"2":[0,0],"3":[0,0],"4":[0,0],"5":[0,0],"6":[0,0],"7":[0,0],"8":[0,0],"9":[0,0],"10":[0,0],"11":[0,0,0,0,0],"12":[0,0],"13":[0,0]}}
,"E:\\openclaw\\workspace-studyass-mgr\\backend\\src\\config\\database.js": {"path":"E:\\openclaw\\workspace-studyass-mgr\\backend\\src\\config\\database.js","statementMap":{"0":{"start":{"line":1,"column":17},"end":{"line":1,"column":42}},"1":{"start":{"line":2,"column":13},"end":{"line":2,"column":28}},"2":{"start":{"line":3,"column":11},"end":{"line":3,"column":24}},"3":{"start":{"line":7,"column":22},"end":{"line":9,"column":74}},"4":{"start":{"line":11,"column":9},"end":{"line":11,"column":13}},"5":{"start":{"line":12,"column":15},"end":{"line":12,"column":19}},"6":{"start":{"line":14,"column":0},"end":{"line":274,"column":1}},"7":{"start":{"line":18,"column":2},"end":{"line":33,"column":4}},"8":{"start":{"line":22,"column":31},"end":{"line":22,"column":56}},"9":{"start":{"line":23,"column":6},"end":{"line":27,"column":7}},"10":{"start":{"line":24,"column":8},"end":{"line":26,"column":11}},"11":{"start":{"line":28,"column":6},"end":{"line":28,"column":22}},"12":{"start":{"line":31,"column":6},"end":{"line":31,"column":49}},"13":{"start":{"line":37,"column":17},"end":{"line":37,"column":91}},"14":{"start":{"line":40,"column":16},"end":{"line":40,"column":36}},"15":{"start":{"line":41,"column":2},"end":{"line":43,"column":3}},"16":{"start":{"line":42,"column":4},"end":{"line":42,"column":45}},"17":{"start":{"line":45,"column":2},"end":{"line":45,"column":28}},"18":{"start":{"line":48,"column":2},"end":{"line":48,"column":34}},"19":{"start":{"line":53,"column":4},"end":{"line":56,"column":5}},"20":{"start":{"line":54,"column":6},"end":{"line":54,"column":32}},"21":{"start":{"line":55,"column":6},"end":{"line":55,"column":38}},"22":{"start":{"line":58,"column":4},"end":{"line":58,"column":35}},"23":{"start":{"line":60,"column":4},"end":{"line":70,"column":7}},"24":{"start":{"line":73,"column":4},"end":{"line":87,"column":7}},"25":{"start":{"line":90,"column":4},"end":{"line":101,"column":7}},"26":{"start":{"line":104,"column":4},"end":{"line":113,"column":7}},"27":{"start":{"line":116,"column":4},"end":{"line":126,"column":7}},"28":{"start":{"line":129,"column":4},"end":{"line":142,"column":7}},"29":{"start":{"line":145,"column":4},"end":{"line":156,"column":7}},"30":{"start":{"line":159,"column":4},"end":{"line":172,"column":7}},"31":{"start":{"line":175,"column":4},"end":{"line":186,"column":7}},"32":{"start":{"line":189,"column":4},"end":{"line":201,"column":7}},"33":{"start":{"line":204,"column":4},"end":{"line":219,"column":7}},"34":{"start":{"line":222,"column":4},"end":{"line":240,"column":7}},"35":{"start":{"line":243,"column":4},"end":{"line":255,"column":7}},"36":{"start":{"line":262,"column":4},"end":{"line":265,"column":5}},"37":{"start":{"line":263,"column":6},"end":{"line":263,"column":17}},"38":{"start":{"line":264,"column":6},"end":{"line":264,"column":16}},"39":{"start":{"line":268,"column":2},"end":{"line":273,"column":4}}},"fnMap":{"0":{"name":"(anonymous_0)","decl":{"start":{"line":21,"column":21},"end":{"line":21,"column":22}},"loc":{"start":{"line":21,"column":27},"end":{"line":29,"column":5}},"line":21},"1":{"name":"(anonymous_1)","decl":{"start":{"line":30,"column":18},"end":{"line":30,"column":19}},"loc":{"start":{"line":30,"column":30},"end":{"line":32,"column":5}},"line":30},"2":{"name":"initDatabase","decl":{"start":{"line":51,"column":11},"end":{"line":51,"column":23}},"loc":{"start":{"line":51,"column":26},"end":{"line":258,"column":3}},"line":51},"3":{"name":"closeDatabase","decl":{"start":{"line":261,"column":11},"end":{"line":261,"column":24}},"loc":{"start":{"line":261,"column":27},"end":{"line":266,"column":3}},"line":261}},"branchMap":{"0":{"loc":{"start":{"line":7,"column":22},"end":{"line":9,"column":74}},"type":"binary-expr","locations":[{"start":{"line":7,"column":22},"end":{"line":7,"column":54}},{"start":{"line":8,"column":22},"end":{"line":8,"column":46}},{"start":{"line":9,"column":22},"end":{"line":9,"column":74}}],"line":7},"1":{"loc":{"start":{"line":14,"column":0},"end":{"line":274,"column":1}},"type":"if","locations":[{"start":{"line":14,"column":0},"end":{"line":274,"column":1}},{"start":{"line":34,"column":7},"end":{"line":274,"column":1}}],"line":14},"2":{"loc":{"start":{"line":23,"column":6},"end":{"line":27,"column":7}},"type":"if","locations":[{"start":{"line":23,"column":6},"end":{"line":27,"column":7}},{"start":{},"end":{}}],"line":23},"3":{"loc":{"start":{"line":37,"column":17},"end":{"line":37,"column":91}},"type":"binary-expr","locations":[{"start":{"line":37,"column":17},"end":{"line":37,"column":42}},{"start":{"line":37,"column":46},"end":{"line":37,"column":91}}],"line":37},"4":{"loc":{"start":{"line":41,"column":2},"end":{"line":43,"column":3}},"type":"if","locations":[{"start":{"line":41,"column":2},"end":{"line":43,"column":3}},{"start":{},"end":{}}],"line":41},"5":{"loc":{"start":{"line":53,"column":4},"end":{"line":56,"column":5}},"type":"if","locations":[{"start":{"line":53,"column":4},"end":{"line":56,"column":5}},{"start":{},"end":{}}],"line":53},"6":{"loc":{"start":{"line":262,"column":4},"end":{"line":265,"column":5}},"type":"if","locations":[{"start":{"line":262,"column":4},"end":{"line":265,"column":5}},{"start":{},"end":{}}],"line":262}},"s":{"0":0,"1":0,"2":0,"3":0,"4":0,"5":0,"6":0,"7":0,"8":0,"9":0,"10":0,"11":0,"12":0,"13":0,"14":0,"15":0,"16":0,"17":0,"18":0,"19":0,"20":0,"21":0,"22":0,"23":0,"24":0,"25":0,"26":0,"27":0,"28":0,"29":0,"30":0,"31":0,"32":0,"33":0,"34":0,"35":0,"36":0,"37":0,"38":0,"39":0},"f":{"0":0,"1":0,"2":0,"3":0},"b":{"0":[0,0,0],"1":[0,0],"2":[0,0],"3":[0,0],"4":[0,0],"5":[0,0],"6":[0,0]}}
,"E:\\openclaw\\workspace-studyass-mgr\\backend\\src\\config\\oss.js": {"path":"E:\\openclaw\\workspace-studyass-mgr\\backend\\src\\config\\oss.js","statementMap":{"0":{"start":{"line":16,"column":18},"end":{"line":23,"column":2}},"1":{"start":{"line":33,"column":2},"end":{"line":54,"column":3}},"2":{"start":{"line":34,"column":19},"end":{"line":40,"column":6}},"3":{"start":{"line":42,"column":4},"end":{"line":42,"column":42}},"4":{"start":{"line":44,"column":4},"end":{"line":50,"column":6}},"5":{"start":{"line":52,"column":4},"end":{"line":52,"column":51}},"6":{"start":{"line":53,"column":4},"end":{"line":53,"column":16}},"7":{"start":{"line":65,"column":21},"end":{"line":65,"column":64}},"8":{"start":{"line":67,"column":2},"end":{"line":91,"column":3}},"9":{"start":{"line":68,"column":19},"end":{"line":77,"column":6}},"10":{"start":{"line":70,"column":8},"end":{"line":72,"column":9}},"11":{"start":{"line":71,"column":10},"end":{"line":71,"column":37}},"12":{"start":{"line":79,"column":4},"end":{"line":79,"column":48}},"13":{"start":{"line":81,"column":4},"end":{"line":87,"column":6}},"14":{"start":{"line":89,"column":4},"end":{"line":89,"column":56}},"15":{"start":{"line":90,"column":4},"end":{"line":90,"column":16}},"16":{"start":{"line":101,"column":14},"end":{"line":103,"column":4}},"17":{"start":{"line":104,"column":2},"end":{"line":104,"column":13}},"18":{"start":{"line":113,"column":2},"end":{"line":123,"column":3}},"19":{"start":{"line":114,"column":19},"end":{"line":114,"column":53}},"20":{"start":{"line":115,"column":4},"end":{"line":115,"column":42}},"21":{"start":{"line":116,"column":4},"end":{"line":119,"column":6}},"22":{"start":{"line":121,"column":4},"end":{"line":121,"column":51}},"23":{"start":{"line":122,"column":4},"end":{"line":122,"column":16}},"24":{"start":{"line":132,"column":2},"end":{"line":142,"column":3}},"25":{"start":{"line":133,"column":19},"end":{"line":133,"column":59}},"26":{"start":{"line":134,"column":4},"end":{"line":134,"column":53}},"27":{"start":{"line":135,"column":4},"end":{"line":138,"column":6}},"28":{"start":{"line":140,"column":4},"end":{"line":140,"column":38}},"29":{"start":{"line":141,"column":4},"end":{"line":141,"column":16}},"30":{"start":{"line":145,"column":0},"end":{"line":152,"column":2}}},"fnMap":{"0":{"name":"uploadFile","decl":{"start":{"line":32,"column":15},"end":{"line":32,"column":25}},"loc":{"start":{"line":32,"column":63},"end":{"line":55,"column":1}},"line":32},"1":{"name":"uploadTextbookPDF","decl":{"start":{"line":64,"column":15},"end":{"line":64,"column":32}},"loc":{"start":{"line":64,"column":74},"end":{"line":92,"column":1}},"line":64},"2":{"name":"(anonymous_2)","decl":{"start":{"line":69,"column":16},"end":{"line":69,"column":17}},"loc":{"start":{"line":69,"column":47},"end":{"line":73,"column":7}},"line":69},"3":{"name":"getSignedUrl","decl":{"start":{"line":100,"column":9},"end":{"line":100,"column":21}},"loc":{"start":{"line":100,"column":50},"end":{"line":105,"column":1}},"line":100},"4":{"name":"deleteFile","decl":{"start":{"line":112,"column":15},"end":{"line":112,"column":25}},"loc":{"start":{"line":112,"column":38},"end":{"line":124,"column":1}},"line":112},"5":{"name":"deleteFiles","decl":{"start":{"line":131,"column":15},"end":{"line":131,"column":26}},"loc":{"start":{"line":131,"column":40},"end":{"line":143,"column":1}},"line":131}},"branchMap":{"0":{"loc":{"start":{"line":17,"column":10},"end":{"line":17,"column":53}},"type":"binary-expr","locations":[{"start":{"line":17,"column":10},"end":{"line":17,"column":32}},{"start":{"line":17,"column":36},"end":{"line":17,"column":53}}],"line":17},"1":{"loc":{"start":{"line":20,"column":10},"end":{"line":20,"column":50}},"type":"binary-expr","locations":[{"start":{"line":20,"column":10},"end":{"line":20,"column":32}},{"start":{"line":20,"column":36},"end":{"line":20,"column":50}}],"line":20},"2":{"loc":{"start":{"line":32,"column":49},"end":{"line":32,"column":61}},"type":"default-arg","locations":[{"start":{"line":32,"column":59},"end":{"line":32,"column":61}}],"line":32},"3":{"loc":{"start":{"line":36,"column":24},"end":{"line":36,"column":73}},"type":"binary-expr","locations":[{"start":{"line":36,"column":24},"end":{"line":36,"column":43}},{"start":{"line":36,"column":47},"end":{"line":36,"column":73}}],"line":36},"4":{"loc":{"start":{"line":37,"column":25},"end":{"line":37,"column":59}},"type":"binary-expr","locations":[{"start":{"line":37,"column":25},"end":{"line":37,"column":45}},{"start":{"line":37,"column":49},"end":{"line":37,"column":59}}],"line":37},"5":{"loc":{"start":{"line":70,"column":8},"end":{"line":72,"column":9}},"type":"if","locations":[{"start":{"line":70,"column":8},"end":{"line":72,"column":9}},{"start":{},"end":{}}],"line":70},"6":{"loc":{"start":{"line":100,"column":34},"end":{"line":100,"column":48}},"type":"default-arg","locations":[{"start":{"line":100,"column":44},"end":{"line":100,"column":48}}],"line":100}},"s":{"0":0,"1":0,"2":0,"3":0,"4":0,"5":0,"6":0,"7":0,"8":0,"9":0,"10":0,"11":0,"12":0,"13":0,"14":0,"15":0,"16":0,"17":0,"18":0,"19":0,"20":0,"21":0,"22":0,"23":0,"24":0,"25":0,"26":0,"27":0,"28":0,"29":0,"30":0},"f":{"0":0,"1":0,"2":0,"3":0,"4":0,"5":0},"b":{"0":[0,0],"1":[0,0],"2":[0],"3":[0,0],"4":[0,0],"5":[0,0],"6":[0]}}
,"E:\\openclaw\\workspace-studyass-mgr\\backend\\src\\config\\queue.js": {"path":"E:\\openclaw\\workspace-studyass-mgr\\backend\\src\\config\\queue.js","statementMap":{"0":{"start":{"line":11,"column":39},"end":{"line":11,"column":56}},"1":{"start":{"line":12,"column":14},"end":{"line":12,"column":32}},"2":{"start":{"line":15,"column":19},"end":{"line":15,"column":86}},"3":{"start":{"line":18,"column":19},"end":{"line":50,"column":2}},"4":{"start":{"line":37,"column":4},"end":{"line":40,"column":5}},"5":{"start":{"line":38,"column":6},"end":{"line":38,"column":92}},"6":{"start":{"line":39,"column":6},"end":{"line":39,"column":18}},"7":{"start":{"line":41,"column":4},"end":{"line":41,"column":39}},"8":{"start":{"line":53,"column":18},"end":{"line":57,"column":1}},"9":{"start":{"line":60,"column":21},"end":{"line":71,"column":1}},"10":{"start":{"line":74,"column":15},"end":{"line":78,"column":1}},"11":{"start":{"line":81,"column":20},"end":{"line":85,"column":1}},"12":{"start":{"line":88,"column":0},"end":{"line":100,"column":3}},"13":{"start":{"line":89,"column":2},"end":{"line":91,"column":5}},"14":{"start":{"line":90,"column":4},"end":{"line":90,"column":47}},"15":{"start":{"line":93,"column":2},"end":{"line":95,"column":5}},"16":{"start":{"line":94,"column":4},"end":{"line":94,"column":55}},"17":{"start":{"line":97,"column":2},"end":{"line":99,"column":5}},"18":{"start":{"line":98,"column":4},"end":{"line":98,"column":45}},"19":{"start":{"line":110,"column":14},"end":{"line":117,"column":4}},"20":{"start":{"line":118,"column":2},"end":{"line":118,"column":43}},"21":{"start":{"line":119,"column":2},"end":{"line":119,"column":13}},"22":{"start":{"line":131,"column":14},"end":{"line":138,"column":4}},"23":{"start":{"line":139,"column":2},"end":{"line":139,"column":45}},"24":{"start":{"line":140,"column":2},"end":{"line":140,"column":13}},"25":{"start":{"line":151,"column":14},"end":{"line":158,"column":4}},"26":{"start":{"line":159,"column":2},"end":{"line":159,"column":44}},"27":{"start":{"line":160,"column":2},"end":{"line":160,"column":13}},"28":{"start":{"line":163,"column":0},"end":{"line":171,"column":2}}},"fnMap":{"0":{"name":"(anonymous_0)","decl":{"start":{"line":36,"column":17},"end":{"line":36,"column":18}},"loc":{"start":{"line":36,"column":28},"end":{"line":42,"column":3}},"line":36},"1":{"name":"(anonymous_1)","decl":{"start":{"line":88,"column":36},"end":{"line":88,"column":37}},"loc":{"start":{"line":88,"column":56},"end":{"line":100,"column":1}},"line":88},"2":{"name":"(anonymous_2)","decl":{"start":{"line":89,"column":25},"end":{"line":89,"column":26}},"loc":{"start":{"line":89,"column":34},"end":{"line":91,"column":3}},"line":89},"3":{"name":"(anonymous_3)","decl":{"start":{"line":93,"column":22},"end":{"line":93,"column":23}},"loc":{"start":{"line":93,"column":36},"end":{"line":95,"column":3}},"line":93},"4":{"name":"(anonymous_4)","decl":{"start":{"line":97,"column":21},"end":{"line":97,"column":22}},"loc":{"start":{"line":97,"column":30},"end":{"line":99,"column":3}},"line":97},"5":{"name":"addTextbookParseJob","decl":{"start":{"line":109,"column":15},"end":{"line":109,"column":34}},"loc":{"start":{"line":109,"column":55},"end":{"line":120,"column":1}},"line":109},"6":{"name":"addAIGenerateJob","decl":{"start":{"line":130,"column":15},"end":{"line":130,"column":31}},"loc":{"start":{"line":130,"column":52},"end":{"line":141,"column":1}},"line":130},"7":{"name":"addReportGenerateJob","decl":{"start":{"line":150,"column":15},"end":{"line":150,"column":35}},"loc":{"start":{"line":150,"column":56},"end":{"line":161,"column":1}},"line":150}},"branchMap":{"0":{"loc":{"start":{"line":15,"column":19},"end":{"line":15,"column":86}},"type":"binary-expr","locations":[{"start":{"line":15,"column":19},"end":{"line":15,"column":50}},{"start":{"line":15,"column":54},"end":{"line":15,"column":86}}],"line":15},"1":{"loc":{"start":{"line":19,"column":8},"end":{"line":19,"column":50}},"type":"binary-expr","locations":[{"start":{"line":19,"column":8},"end":{"line":19,"column":30}},{"start":{"line":19,"column":34},"end":{"line":19,"column":50}}],"line":19},"2":{"loc":{"start":{"line":20,"column":8},"end":{"line":20,"column":38}},"type":"binary-expr","locations":[{"start":{"line":20,"column":8},"end":{"line":20,"column":30}},{"start":{"line":20,"column":34},"end":{"line":20,"column":38}}],"line":20},"3":{"loc":{"start":{"line":21,"column":12},"end":{"line":21,"column":51}},"type":"binary-expr","locations":[{"start":{"line":21,"column":12},"end":{"line":21,"column":38}},{"start":{"line":21,"column":42},"end":{"line":21,"column":51}}],"line":21},"4":{"loc":{"start":{"line":37,"column":4},"end":{"line":40,"column":5}},"type":"if","locations":[{"start":{"line":37,"column":4},"end":{"line":40,"column":5}},{"start":{},"end":{}}],"line":37},"5":{"loc":{"start":{"line":81,"column":20},"end":{"line":85,"column":1}},"type":"cond-expr","locations":[{"start":{"line":81,"column":33},"end":{"line":81,"column":35}},{"start":{"line":81,"column":38},"end":{"line":85,"column":1}}],"line":81},"6":{"loc":{"start":{"line":109,"column":41},"end":{"line":109,"column":53}},"type":"default-arg","locations":[{"start":{"line":109,"column":51},"end":{"line":109,"column":53}}],"line":109},"7":{"loc":{"start":{"line":130,"column":38},"end":{"line":130,"column":50}},"type":"default-arg","locations":[{"start":{"line":130,"column":48},"end":{"line":130,"column":50}}],"line":130},"8":{"loc":{"start":{"line":150,"column":42},"end":{"line":150,"column":54}},"type":"default-arg","locations":[{"start":{"line":150,"column":52},"end":{"line":150,"column":54}}],"line":150}},"s":{"0":0,"1":0,"2":0,"3":0,"4":0,"5":0,"6":0,"7":0,"8":0,"9":0,"10":0,"11":0,"12":0,"13":0,"14":0,"15":0,"16":0,"17":0,"18":0,"19":0,"20":0,"21":0,"22":0,"23":0,"24":0,"25":0,"26":0,"27":0,"28":0},"f":{"0":0,"1":0,"2":0,"3":0,"4":0,"5":0,"6":0,"7":0},"b":{"0":[0,0],"1":[0,0],"2":[0,0],"3":[0,0],"4":[0,0],"5":[0,0],"6":[0],"7":[0],"8":[0]}}
,"E:\\openclaw\\workspace-studyass-mgr\\backend\\src\\controllers\\aiController.js": {"path":"E:\\openclaw\\workspace-studyass-mgr\\backend\\src\\controllers\\aiController.js","statementMap":{"0":{"start":{"line":1,"column":14},"end":{"line":1,"column":30}},"1":{"start":{"line":2,"column":24},"end":{"line":2,"column":55}},"2":{"start":{"line":5,"column":0},"end":{"line":67,"column":2}},"3":{"start":{"line":6,"column":2},"end":{"line":66,"column":3}},"4":{"start":{"line":7,"column":43},"end":{"line":7,"column":51}},"5":{"start":{"line":9,"column":4},"end":{"line":11,"column":5}},"6":{"start":{"line":10,"column":6},"end":{"line":10,"column":55}},"7":{"start":{"line":15,"column":4},"end":{"line":45,"column":5}},"8":{"start":{"line":16,"column":23},"end":{"line":39,"column":7}},"9":{"start":{"line":41,"column":6},"end":{"line":41,"column":118}},"10":{"start":{"line":43,"column":6},"end":{"line":43,"column":54}},"11":{"start":{"line":44,"column":6},"end":{"line":44,"column":35}},"12":{"start":{"line":48,"column":19},"end":{"line":53,"column":5}},"13":{"start":{"line":55,"column":4},"end":{"line":62,"column":7}},"14":{"start":{"line":64,"column":4},"end":{"line":64,"column":37}},"15":{"start":{"line":65,"column":4},"end":{"line":65,"column":45}},"16":{"start":{"line":70,"column":0},"end":{"line":87,"column":2}},"17":{"start":{"line":71,"column":2},"end":{"line":86,"column":3}},"18":{"start":{"line":72,"column":30},"end":{"line":72,"column":39}},"19":{"start":{"line":73,"column":20},"end":{"line":77,"column":5}},"20":{"start":{"line":79,"column":4},"end":{"line":82,"column":7}},"21":{"start":{"line":84,"column":4},"end":{"line":84,"column":38}},"22":{"start":{"line":85,"column":4},"end":{"line":85,"column":45}},"23":{"start":{"line":90,"column":0},"end":{"line":103,"column":2}},"24":{"start":{"line":91,"column":2},"end":{"line":102,"column":3}},"25":{"start":{"line":92,"column":24},"end":{"line":92,"column":33}},"26":{"start":{"line":93,"column":4},"end":{"line":95,"column":5}},"27":{"start":{"line":94,"column":6},"end":{"line":94,"column":58}},"28":{"start":{"line":97,"column":20},"end":{"line":97,"column":64}},"29":{"start":{"line":98,"column":4},"end":{"line":98,"column":55}},"30":{"start":{"line":100,"column":4},"end":{"line":100,"column":38}},"31":{"start":{"line":101,"column":4},"end":{"line":101,"column":45}},"32":{"start":{"line":106,"column":0},"end":{"line":125,"column":2}},"33":{"start":{"line":107,"column":2},"end":{"line":124,"column":3}},"34":{"start":{"line":108,"column":19},"end":{"line":108,"column":29}},"35":{"start":{"line":109,"column":21},"end":{"line":109,"column":48}},"36":{"start":{"line":111,"column":4},"end":{"line":113,"column":5}},"37":{"start":{"line":112,"column":6},"end":{"line":112,"column":54}},"38":{"start":{"line":115,"column":4},"end":{"line":117,"column":5}},"39":{"start":{"line":116,"column":6},"end":{"line":116,"column":53}},"40":{"start":{"line":119,"column":4},"end":{"line":119,"column":44}},"41":{"start":{"line":120,"column":4},"end":{"line":120,"column":34}},"42":{"start":{"line":122,"column":4},"end":{"line":122,"column":38}},"43":{"start":{"line":123,"column":4},"end":{"line":123,"column":45}}},"fnMap":{"0":{"name":"(anonymous_0)","decl":{"start":{"line":5,"column":14},"end":{"line":5,"column":15}},"loc":{"start":{"line":5,"column":34},"end":{"line":67,"column":1}},"line":5},"1":{"name":"(anonymous_1)","decl":{"start":{"line":70,"column":21},"end":{"line":70,"column":22}},"loc":{"start":{"line":70,"column":35},"end":{"line":87,"column":1}},"line":70},"2":{"name":"(anonymous_2)","decl":{"start":{"line":90,"column":17},"end":{"line":90,"column":18}},"loc":{"start":{"line":90,"column":31},"end":{"line":103,"column":1}},"line":90},"3":{"name":"(anonymous_3)","decl":{"start":{"line":106,"column":17},"end":{"line":106,"column":18}},"loc":{"start":{"line":106,"column":31},"end":{"line":125,"column":1}},"line":106}},"branchMap":{"0":{"loc":{"start":{"line":9,"column":4},"end":{"line":11,"column":5}},"type":"if","locations":[{"start":{"line":9,"column":4},"end":{"line":11,"column":5}},{"start":{},"end":{}}],"line":9},"1":{"loc":{"start":{"line":17,"column":8},"end":{"line":17,"column":114}},"type":"binary-expr","locations":[{"start":{"line":17,"column":8},"end":{"line":17,"column":30}},{"start":{"line":17,"column":34},"end":{"line":17,"column":114}}],"line":17},"2":{"loc":{"start":{"line":19,"column":17},"end":{"line":19,"column":52}},"type":"binary-expr","locations":[{"start":{"line":19,"column":17},"end":{"line":19,"column":37}},{"start":{"line":19,"column":41},"end":{"line":19,"column":52}}],"line":19},"3":{"loc":{"start":{"line":41,"column":15},"end":{"line":41,"column":117}},"type":"binary-expr","locations":[{"start":{"line":41,"column":15},"end":{"line":41,"column":41}},{"start":{"line":41,"column":45},"end":{"line":41,"column":97}},{"start":{"line":41,"column":101},"end":{"line":41,"column":117}}],"line":41},"4":{"loc":{"start":{"line":75,"column":6},"end":{"line":75,"column":27}},"type":"binary-expr","locations":[{"start":{"line":75,"column":6},"end":{"line":75,"column":21}},{"start":{"line":75,"column":25},"end":{"line":75,"column":27}}],"line":75},"5":{"loc":{"start":{"line":76,"column":6},"end":{"line":76,"column":27}},"type":"binary-expr","locations":[{"start":{"line":76,"column":6},"end":{"line":76,"column":22}},{"start":{"line":76,"column":26},"end":{"line":76,"column":27}}],"line":76},"6":{"loc":{"start":{"line":93,"column":4},"end":{"line":95,"column":5}},"type":"if","locations":[{"start":{"line":93,"column":4},"end":{"line":95,"column":5}},{"start":{},"end":{}}],"line":93},"7":{"loc":{"start":{"line":111,"column":4},"end":{"line":113,"column":5}},"type":"if","locations":[{"start":{"line":111,"column":4},"end":{"line":113,"column":5}},{"start":{},"end":{}}],"line":111},"8":{"loc":{"start":{"line":115,"column":4},"end":{"line":117,"column":5}},"type":"if","locations":[{"start":{"line":115,"column":4},"end":{"line":117,"column":5}},{"start":{},"end":{}}],"line":115}},"s":{"0":0,"1":0,"2":0,"3":0,"4":0,"5":0,"6":0,"7":0,"8":0,"9":0,"10":0,"11":0,"12":0,"13":0,"14":0,"15":0,"16":0,"17":0,"18":0,"19":0,"20":0,"21":0,"22":0,"23":0,"24":0,"25":0,"26":0,"27":0,"28":0,"29":0,"30":0,"31":0,"32":0,"33":0,"34":0,"35":0,"36":0,"37":0,"38":0,"39":0,"40":0,"41":0,"42":0,"43":0},"f":{"0":0,"1":0,"2":0,"3":0},"b":{"0":[0,0],"1":[0,0],"2":[0,0],"3":[0,0,0],"4":[0,0],"5":[0,0],"6":[0,0],"7":[0,0],"8":[0,0]}}
,"E:\\openclaw\\workspace-studyass-mgr\\backend\\src\\controllers\\authController.js": {"path":"E:\\openclaw\\workspace-studyass-mgr\\backend\\src\\controllers\\authController.js","statementMap":{"0":{"start":{"line":1,"column":12},"end":{"line":1,"column":35}},"1":{"start":{"line":2,"column":18},"end":{"line":2,"column":43}},"2":{"start":{"line":3,"column":28},"end":{"line":3,"column":70}},"3":{"start":{"line":11,"column":0},"end":{"line":50,"column":2}},"4":{"start":{"line":12,"column":2},"end":{"line":49,"column":3}},"5":{"start":{"line":13,"column":41},"end":{"line":13,"column":49}},"6":{"start":{"line":16,"column":23},"end":{"line":16,"column":38}},"7":{"start":{"line":17,"column":4},"end":{"line":19,"column":5}},"8":{"start":{"line":18,"column":6},"end":{"line":18,"column":56}},"9":{"start":{"line":22,"column":4},"end":{"line":24,"column":5}},"10":{"start":{"line":23,"column":6},"end":{"line":23,"column":56}},"11":{"start":{"line":27,"column":17},"end":{"line":27,"column":81}},"12":{"start":{"line":35,"column":4},"end":{"line":38,"column":7}},"13":{"start":{"line":41,"column":4},"end":{"line":46,"column":5}},"14":{"start":{"line":42,"column":6},"end":{"line":45,"column":9}},"15":{"start":{"line":47,"column":4},"end":{"line":47,"column":37}},"16":{"start":{"line":48,"column":4},"end":{"line":48,"column":45}},"17":{"start":{"line":55,"column":0},"end":{"line":110,"column":2}},"18":{"start":{"line":56,"column":2},"end":{"line":109,"column":3}},"19":{"start":{"line":57,"column":28},"end":{"line":57,"column":36}},"20":{"start":{"line":60,"column":4},"end":{"line":62,"column":5}},"21":{"start":{"line":61,"column":6},"end":{"line":61,"column":60}},"22":{"start":{"line":65,"column":23},"end":{"line":65,"column":38}},"23":{"start":{"line":66,"column":4},"end":{"line":68,"column":5}},"24":{"start":{"line":67,"column":6},"end":{"line":67,"column":56}},"25":{"start":{"line":71,"column":4},"end":{"line":73,"column":5}},"26":{"start":{"line":72,"column":6},"end":{"line":72,"column":58}},"27":{"start":{"line":76,"column":15},"end":{"line":76,"column":42}},"28":{"start":{"line":79,"column":4},"end":{"line":83,"column":5}},"29":{"start":{"line":80,"column":6},"end":{"line":80,"column":48}},"30":{"start":{"line":82,"column":6},"end":{"line":82,"column":58}},"31":{"start":{"line":86,"column":4},"end":{"line":86,"column":51}},"32":{"start":{"line":89,"column":18},"end":{"line":89,"column":92}},"33":{"start":{"line":92,"column":28},"end":{"line":92,"column":65}},"34":{"start":{"line":94,"column":4},"end":{"line":105,"column":7}},"35":{"start":{"line":107,"column":4},"end":{"line":107,"column":34}},"36":{"start":{"line":108,"column":4},"end":{"line":108,"column":45}},"37":{"start":{"line":115,"column":0},"end":{"line":138,"column":2}},"38":{"start":{"line":116,"column":2},"end":{"line":137,"column":3}},"39":{"start":{"line":117,"column":23},"end":{"line":117,"column":48}},"40":{"start":{"line":118,"column":4},"end":{"line":120,"column":5}},"41":{"start":{"line":119,"column":6},"end":{"line":119,"column":52}},"42":{"start":{"line":122,"column":18},"end":{"line":122,"column":42}},"43":{"start":{"line":123,"column":20},"end":{"line":123,"column":61}},"44":{"start":{"line":126,"column":21},"end":{"line":126,"column":102}},"45":{"start":{"line":128,"column":4},"end":{"line":131,"column":7}},"46":{"start":{"line":133,"column":4},"end":{"line":135,"column":5}},"47":{"start":{"line":134,"column":6},"end":{"line":134,"column":64}},"48":{"start":{"line":136,"column":4},"end":{"line":136,"column":52}},"49":{"start":{"line":143,"column":0},"end":{"line":163,"column":2}},"50":{"start":{"line":144,"column":2},"end":{"line":162,"column":3}},"51":{"start":{"line":145,"column":28},"end":{"line":145,"column":69}},"52":{"start":{"line":147,"column":4},"end":{"line":158,"column":7}},"53":{"start":{"line":160,"column":4},"end":{"line":160,"column":38}},"54":{"start":{"line":161,"column":4},"end":{"line":161,"column":45}},"55":{"start":{"line":168,"column":0},"end":{"line":187,"column":2}},"56":{"start":{"line":169,"column":2},"end":{"line":186,"column":3}},"57":{"start":{"line":170,"column":37},"end":{"line":170,"column":45}},"58":{"start":{"line":171,"column":17},"end":{"line":171,"column":72}},"59":{"start":{"line":173,"column":4},"end":{"line":182,"column":7}},"60":{"start":{"line":184,"column":4},"end":{"line":184,"column":36}},"61":{"start":{"line":185,"column":4},"end":{"line":185,"column":45}},"62":{"start":{"line":193,"column":0},"end":{"line":252,"column":2}},"63":{"start":{"line":194,"column":2},"end":{"line":251,"column":3}},"64":{"start":{"line":195,"column":69},"end":{"line":195,"column":77}},"65":{"start":{"line":198,"column":4},"end":{"line":200,"column":5}},"66":{"start":{"line":199,"column":6},"end":{"line":199,"column":60}},"67":{"start":{"line":203,"column":23},"end":{"line":203,"column":38}},"68":{"start":{"line":204,"column":4},"end":{"line":206,"column":5}},"69":{"start":{"line":205,"column":6},"end":{"line":205,"column":56}},"70":{"start":{"line":209,"column":4},"end":{"line":211,"column":5}},"71":{"start":{"line":210,"column":6},"end":{"line":210,"column":58}},"72":{"start":{"line":214,"column":25},"end":{"line":214,"column":52}},"73":{"start":{"line":215,"column":4},"end":{"line":217,"column":5}},"74":{"start":{"line":216,"column":6},"end":{"line":216,"column":56}},"75":{"start":{"line":221,"column":24},"end":{"line":221,"column":33}},"76":{"start":{"line":222,"column":17},"end":{"line":222,"column":63}},"77":{"start":{"line":225,"column":4},"end":{"line":225,"column":64}},"78":{"start":{"line":228,"column":4},"end":{"line":228,"column":54}},"79":{"start":{"line":231,"column":18},"end":{"line":231,"column":92}},"80":{"start":{"line":234,"column":28},"end":{"line":234,"column":65}},"81":{"start":{"line":236,"column":4},"end":{"line":247,"column":7}},"82":{"start":{"line":249,"column":4},"end":{"line":249,"column":34}},"83":{"start":{"line":250,"column":4},"end":{"line":250,"column":45}}},"fnMap":{"0":{"name":"(anonymous_0)","decl":{"start":{"line":11,"column":19},"end":{"line":11,"column":20}},"loc":{"start":{"line":11,"column":39},"end":{"line":50,"column":1}},"line":11},"1":{"name":"(anonymous_1)","decl":{"start":{"line":55,"column":16},"end":{"line":55,"column":17}},"loc":{"start":{"line":55,"column":30},"end":{"line":110,"column":1}},"line":55},"2":{"name":"(anonymous_2)","decl":{"start":{"line":115,"column":23},"end":{"line":115,"column":24}},"loc":{"start":{"line":115,"column":37},"end":{"line":138,"column":1}},"line":115},"3":{"name":"(anonymous_3)","decl":{"start":{"line":143,"column":25},"end":{"line":143,"column":26}},"loc":{"start":{"line":143,"column":39},"end":{"line":163,"column":1}},"line":143},"4":{"name":"(anonymous_4)","decl":{"start":{"line":168,"column":21},"end":{"line":168,"column":22}},"loc":{"start":{"line":168,"column":35},"end":{"line":187,"column":1}},"line":168},"5":{"name":"(anonymous_5)","decl":{"start":{"line":193,"column":19},"end":{"line":193,"column":20}},"loc":{"start":{"line":193,"column":33},"end":{"line":252,"column":1}},"line":193}},"branchMap":{"0":{"loc":{"start":{"line":13,"column":19},"end":{"line":13,"column":36}},"type":"default-arg","locations":[{"start":{"line":13,"column":29},"end":{"line":13,"column":36}}],"line":13},"1":{"loc":{"start":{"line":17,"column":4},"end":{"line":19,"column":5}},"type":"if","locations":[{"start":{"line":17,"column":4},"end":{"line":19,"column":5}},{"start":{},"end":{}}],"line":17},"2":{"loc":{"start":{"line":22,"column":4},"end":{"line":24,"column":5}},"type":"if","locations":[{"start":{"line":22,"column":4},"end":{"line":24,"column":5}},{"start":{},"end":{}}],"line":22},"3":{"loc":{"start":{"line":41,"column":4},"end":{"line":46,"column":5}},"type":"if","locations":[{"start":{"line":41,"column":4},"end":{"line":46,"column":5}},{"start":{},"end":{}}],"line":41},"4":{"loc":{"start":{"line":60,"column":4},"end":{"line":62,"column":5}},"type":"if","locations":[{"start":{"line":60,"column":4},"end":{"line":62,"column":5}},{"start":{},"end":{}}],"line":60},"5":{"loc":{"start":{"line":60,"column":8},"end":{"line":60,"column":23}},"type":"binary-expr","locations":[{"start":{"line":60,"column":8},"end":{"line":60,"column":14}},{"start":{"line":60,"column":18},"end":{"line":60,"column":23}}],"line":60},"6":{"loc":{"start":{"line":66,"column":4},"end":{"line":68,"column":5}},"type":"if","locations":[{"start":{"line":66,"column":4},"end":{"line":68,"column":5}},{"start":{},"end":{}}],"line":66},"7":{"loc":{"start":{"line":71,"column":4},"end":{"line":73,"column":5}},"type":"if","locations":[{"start":{"line":71,"column":4},"end":{"line":73,"column":5}},{"start":{},"end":{}}],"line":71},"8":{"loc":{"start":{"line":79,"column":4},"end":{"line":83,"column":5}},"type":"if","locations":[{"start":{"line":79,"column":4},"end":{"line":83,"column":5}},{"start":{},"end":{}}],"line":79},"9":{"loc":{"start":{"line":118,"column":4},"end":{"line":120,"column":5}},"type":"if","locations":[{"start":{"line":118,"column":4},"end":{"line":120,"column":5}},{"start":{},"end":{}}],"line":118},"10":{"loc":{"start":{"line":118,"column":8},"end":{"line":118,"column":56}},"type":"binary-expr","locations":[{"start":{"line":118,"column":8},"end":{"line":118,"column":19}},{"start":{"line":118,"column":23},"end":{"line":118,"column":56}}],"line":118},"11":{"loc":{"start":{"line":133,"column":4},"end":{"line":135,"column":5}},"type":"if","locations":[{"start":{"line":133,"column":4},"end":{"line":135,"column":5}},{"start":{},"end":{}}],"line":133},"12":{"loc":{"start":{"line":198,"column":4},"end":{"line":200,"column":5}},"type":"if","locations":[{"start":{"line":198,"column":4},"end":{"line":200,"column":5}},{"start":{},"end":{}}],"line":198},"13":{"loc":{"start":{"line":198,"column":8},"end":{"line":198,"column":23}},"type":"binary-expr","locations":[{"start":{"line":198,"column":8},"end":{"line":198,"column":14}},{"start":{"line":198,"column":18},"end":{"line":198,"column":23}}],"line":198},"14":{"loc":{"start":{"line":204,"column":4},"end":{"line":206,"column":5}},"type":"if","locations":[{"start":{"line":204,"column":4},"end":{"line":206,"column":5}},{"start":{},"end":{}}],"line":204},"15":{"loc":{"start":{"line":209,"column":4},"end":{"line":211,"column":5}},"type":"if","locations":[{"start":{"line":209,"column":4},"end":{"line":211,"column":5}},{"start":{},"end":{}}],"line":209},"16":{"loc":{"start":{"line":215,"column":4},"end":{"line":217,"column":5}},"type":"if","locations":[{"start":{"line":215,"column":4},"end":{"line":217,"column":5}},{"start":{},"end":{}}],"line":215}},"s":{"0":0,"1":0,"2":0,"3":0,"4":0,"5":0,"6":0,"7":0,"8":0,"9":0,"10":0,"11":0,"12":0,"13":0,"14":0,"15":0,"16":0,"17":0,"18":0,"19":0,"20":0,"21":0,"22":0,"23":0,"24":0,"25":0,"26":0,"27":0,"28":0,"29":0,"30":0,"31":0,"32":0,"33":0,"34":0,"35":0,"36":0,"37":0,"38":0,"39":0,"40":0,"41":0,"42":0,"43":0,"44":0,"45":0,"46":0,"47":0,"48":0,"49":0,"50":0,"51":0,"52":0,"53":0,"54":0,"55":0,"56":0,"57":0,"58":0,"59":0,"60":0,"61":0,"62":0,"63":0,"64":0,"65":0,"66":0,"67":0,"68":0,"69":0,"70":0,"71":0,"72":0,"73":0,"74":0,"75":0,"76":0,"77":0,"78":0,"79":0,"80":0,"81":0,"82":0,"83":0},"f":{"0":0,"1":0,"2":0,"3":0,"4":0,"5":0},"b":{"0":[0],"1":[0,0],"2":[0,0],"3":[0,0],"4":[0,0],"5":[0,0],"6":[0,0],"7":[0,0],"8":[0,0],"9":[0,0],"10":[0,0],"11":[0,0],"12":[0,0],"13":[0,0],"14":[0,0],"15":[0,0],"16":[0,0]}}
,"E:\\openclaw\\workspace-studyass-mgr\\backend\\src\\controllers\\healthController.js": {"path":"E:\\openclaw\\workspace-studyass-mgr\\backend\\src\\controllers\\healthController.js","statementMap":{"0":{"start":{"line":6,"column":15},"end":{"line":6,"column":44}},"1":{"start":{"line":12,"column":0},"end":{"line":43,"column":2}},"2":{"start":{"line":13,"column":2},"end":{"line":42,"column":3}},"3":{"start":{"line":15,"column":25},"end":{"line":15,"column":36}},"4":{"start":{"line":16,"column":4},"end":{"line":20,"column":5}},"5":{"start":{"line":17,"column":6},"end":{"line":17,"column":35}},"6":{"start":{"line":19,"column":6},"end":{"line":19,"column":38}},"7":{"start":{"line":22,"column":4},"end":{"line":34,"column":7}},"8":{"start":{"line":36,"column":4},"end":{"line":36,"column":36}},"9":{"start":{"line":37,"column":4},"end":{"line":41,"column":7}}},"fnMap":{"0":{"name":"(anonymous_0)","decl":{"start":{"line":12,"column":20},"end":{"line":12,"column":21}},"loc":{"start":{"line":12,"column":34},"end":{"line":43,"column":1}},"line":12}},"branchMap":{},"s":{"0":0,"1":0,"2":0,"3":0,"4":0,"5":0,"6":0,"7":0,"8":0,"9":0},"f":{"0":0},"b":{}}
,"E:\\openclaw\\workspace-studyass-mgr\\backend\\src\\controllers\\knowledgeController.js": {"path":"E:\\openclaw\\workspace-studyass-mgr\\backend\\src\\controllers\\knowledgeController.js","statementMap":{"0":{"start":{"line":1,"column":28},"end":{"line":1,"column":63}},"1":{"start":{"line":5,"column":2},"end":{"line":5,"column":44}},"2":{"start":{"line":5,"column":32},"end":{"line":5,"column":44}},"3":{"start":{"line":6,"column":14},"end":{"line":12,"column":3}},"4":{"start":{"line":13,"column":2},"end":{"line":13,"column":47}},"5":{"start":{"line":13,"column":39},"end":{"line":13,"column":45}},"6":{"start":{"line":17,"column":0},"end":{"line":47,"column":2}},"7":{"start":{"line":18,"column":2},"end":{"line":46,"column":3}},"8":{"start":{"line":19,"column":47},"end":{"line":19,"column":55}},"9":{"start":{"line":21,"column":4},"end":{"line":23,"column":5}},"10":{"start":{"line":22,"column":6},"end":{"line":22,"column":58}},"11":{"start":{"line":26,"column":22},"end":{"line":26,"column":39}},"12":{"start":{"line":27,"column":24},"end":{"line":27,"column":60}},"13":{"start":{"line":28,"column":25},"end":{"line":28,"column":63}},"14":{"start":{"line":29,"column":21},"end":{"line":29,"column":63}},"15":{"start":{"line":29,"column":42},"end":{"line":29,"column":55}},"16":{"start":{"line":31,"column":18},"end":{"line":37,"column":5}},"17":{"start":{"line":39,"column":4},"end":{"line":42,"column":7}},"18":{"start":{"line":44,"column":4},"end":{"line":44,"column":37}},"19":{"start":{"line":45,"column":4},"end":{"line":45,"column":45}},"20":{"start":{"line":50,"column":0},"end":{"line":68,"column":2}},"21":{"start":{"line":51,"column":2},"end":{"line":67,"column":3}},"22":{"start":{"line":52,"column":48},"end":{"line":52,"column":57}},"23":{"start":{"line":53,"column":19},"end":{"line":58,"column":6}},"24":{"start":{"line":60,"column":4},"end":{"line":63,"column":7}},"25":{"start":{"line":65,"column":4},"end":{"line":65,"column":39}},"26":{"start":{"line":66,"column":4},"end":{"line":66,"column":45}},"27":{"start":{"line":71,"column":0},"end":{"line":90,"column":2}},"28":{"start":{"line":72,"column":2},"end":{"line":89,"column":3}},"29":{"start":{"line":73,"column":19},"end":{"line":73,"column":29}},"30":{"start":{"line":74,"column":18},"end":{"line":74,"column":49}},"31":{"start":{"line":76,"column":4},"end":{"line":78,"column":5}},"32":{"start":{"line":77,"column":6},"end":{"line":77,"column":55}},"33":{"start":{"line":81,"column":4},"end":{"line":83,"column":5}},"34":{"start":{"line":82,"column":6},"end":{"line":82,"column":53}},"35":{"start":{"line":85,"column":4},"end":{"line":85,"column":30}},"36":{"start":{"line":87,"column":4},"end":{"line":87,"column":37}},"37":{"start":{"line":88,"column":4},"end":{"line":88,"column":45}},"38":{"start":{"line":93,"column":0},"end":{"line":122,"column":2}},"39":{"start":{"line":94,"column":2},"end":{"line":121,"column":3}},"40":{"start":{"line":95,"column":19},"end":{"line":95,"column":29}},"41":{"start":{"line":97,"column":21},"end":{"line":97,"column":52}},"42":{"start":{"line":98,"column":4},"end":{"line":100,"column":5}},"43":{"start":{"line":99,"column":6},"end":{"line":99,"column":55}},"44":{"start":{"line":102,"column":4},"end":{"line":104,"column":5}},"45":{"start":{"line":103,"column":6},"end":{"line":103,"column":53}},"46":{"start":{"line":107,"column":23},"end":{"line":107,"column":25}},"47":{"start":{"line":108,"column":4},"end":{"line":108,"column":84}},"48":{"start":{"line":108,"column":38},"end":{"line":108,"column":84}},"49":{"start":{"line":109,"column":4},"end":{"line":109,"column":90}},"50":{"start":{"line":109,"column":40},"end":{"line":109,"column":90}},"51":{"start":{"line":110,"column":4},"end":{"line":110,"column":93}},"52":{"start":{"line":110,"column":41},"end":{"line":110,"column":93}},"53":{"start":{"line":111,"column":4},"end":{"line":111,"column":93}},"54":{"start":{"line":111,"column":37},"end":{"line":111,"column":93}},"55":{"start":{"line":111,"column":78},"end":{"line":111,"column":91}},"56":{"start":{"line":112,"column":4},"end":{"line":112,"column":75}},"57":{"start":{"line":112,"column":39},"end":{"line":112,"column":75}},"58":{"start":{"line":114,"column":4},"end":{"line":117,"column":7}},"59":{"start":{"line":119,"column":4},"end":{"line":119,"column":37}},"60":{"start":{"line":120,"column":4},"end":{"line":120,"column":45}},"61":{"start":{"line":125,"column":0},"end":{"line":144,"column":2}},"62":{"start":{"line":126,"column":2},"end":{"line":143,"column":3}},"63":{"start":{"line":127,"column":19},"end":{"line":127,"column":29}},"64":{"start":{"line":128,"column":21},"end":{"line":128,"column":52}},"65":{"start":{"line":130,"column":4},"end":{"line":132,"column":5}},"66":{"start":{"line":131,"column":6},"end":{"line":131,"column":55}},"67":{"start":{"line":134,"column":4},"end":{"line":136,"column":5}},"68":{"start":{"line":135,"column":6},"end":{"line":135,"column":53}},"69":{"start":{"line":138,"column":4},"end":{"line":138,"column":48}},"70":{"start":{"line":139,"column":4},"end":{"line":139,"column":34}},"71":{"start":{"line":141,"column":4},"end":{"line":141,"column":37}},"72":{"start":{"line":142,"column":4},"end":{"line":142,"column":45}},"73":{"start":{"line":147,"column":0},"end":{"line":160,"column":2}},"74":{"start":{"line":148,"column":2},"end":{"line":159,"column":3}},"75":{"start":{"line":149,"column":24},"end":{"line":149,"column":33}},"76":{"start":{"line":150,"column":4},"end":{"line":152,"column":5}},"77":{"start":{"line":151,"column":6},"end":{"line":151,"column":58}},"78":{"start":{"line":154,"column":19},"end":{"line":154,"column":67}},"79":{"start":{"line":155,"column":4},"end":{"line":155,"column":53}},"80":{"start":{"line":157,"column":4},"end":{"line":157,"column":37}},"81":{"start":{"line":158,"column":4},"end":{"line":158,"column":45}}},"fnMap":{"0":{"name":"escapeHtml","decl":{"start":{"line":4,"column":9},"end":{"line":4,"column":19}},"loc":{"start":{"line":4,"column":26},"end":{"line":14,"column":1}},"line":4},"1":{"name":"(anonymous_1)","decl":{"start":{"line":13,"column":34},"end":{"line":13,"column":35}},"loc":{"start":{"line":13,"column":39},"end":{"line":13,"column":45}},"line":13},"2":{"name":"(anonymous_2)","decl":{"start":{"line":17,"column":17},"end":{"line":17,"column":18}},"loc":{"start":{"line":17,"column":31},"end":{"line":47,"column":1}},"line":17},"3":{"name":"(anonymous_3)","decl":{"start":{"line":29,"column":37},"end":{"line":29,"column":38}},"loc":{"start":{"line":29,"column":42},"end":{"line":29,"column":55}},"line":29},"4":{"name":"(anonymous_4)","decl":{"start":{"line":50,"column":18},"end":{"line":50,"column":19}},"loc":{"start":{"line":50,"column":32},"end":{"line":68,"column":1}},"line":50},"5":{"name":"(anonymous_5)","decl":{"start":{"line":71,"column":17},"end":{"line":71,"column":18}},"loc":{"start":{"line":71,"column":31},"end":{"line":90,"column":1}},"line":71},"6":{"name":"(anonymous_6)","decl":{"start":{"line":93,"column":17},"end":{"line":93,"column":18}},"loc":{"start":{"line":93,"column":31},"end":{"line":122,"column":1}},"line":93},"7":{"name":"(anonymous_7)","decl":{"start":{"line":111,"column":73},"end":{"line":111,"column":74}},"loc":{"start":{"line":111,"column":78},"end":{"line":111,"column":91}},"line":111},"8":{"name":"(anonymous_8)","decl":{"start":{"line":125,"column":17},"end":{"line":125,"column":18}},"loc":{"start":{"line":125,"column":31},"end":{"line":144,"column":1}},"line":125},"9":{"name":"(anonymous_9)","decl":{"start":{"line":147,"column":17},"end":{"line":147,"column":18}},"loc":{"start":{"line":147,"column":31},"end":{"line":160,"column":1}},"line":147}},"branchMap":{"0":{"loc":{"start":{"line":5,"column":2},"end":{"line":5,"column":44}},"type":"if","locations":[{"start":{"line":5,"column":2},"end":{"line":5,"column":44}},{"start":{},"end":{}}],"line":5},"1":{"loc":{"start":{"line":21,"column":4},"end":{"line":23,"column":5}},"type":"if","locations":[{"start":{"line":21,"column":4},"end":{"line":23,"column":5}},{"start":{},"end":{}}],"line":21},"2":{"loc":{"start":{"line":27,"column":24},"end":{"line":27,"column":60}},"type":"cond-expr","locations":[{"start":{"line":27,"column":34},"end":{"line":27,"column":53}},{"start":{"line":27,"column":56},"end":{"line":27,"column":60}}],"line":27},"3":{"loc":{"start":{"line":28,"column":25},"end":{"line":28,"column":63}},"type":"cond-expr","locations":[{"start":{"line":28,"column":36},"end":{"line":28,"column":56}},{"start":{"line":28,"column":59},"end":{"line":28,"column":63}}],"line":28},"4":{"loc":{"start":{"line":29,"column":21},"end":{"line":29,"column":63}},"type":"cond-expr","locations":[{"start":{"line":29,"column":28},"end":{"line":29,"column":56}},{"start":{"line":29,"column":59},"end":{"line":29,"column":63}}],"line":29},"5":{"loc":{"start":{"line":56,"column":13},"end":{"line":56,"column":35}},"type":"binary-expr","locations":[{"start":{"line":56,"column":13},"end":{"line":56,"column":28}},{"start":{"line":56,"column":32},"end":{"line":56,"column":35}}],"line":56},"6":{"loc":{"start":{"line":57,"column":14},"end":{"line":57,"column":35}},"type":"binary-expr","locations":[{"start":{"line":57,"column":14},"end":{"line":57,"column":30}},{"start":{"line":57,"column":34},"end":{"line":57,"column":35}}],"line":57},"7":{"loc":{"start":{"line":76,"column":4},"end":{"line":78,"column":5}},"type":"if","locations":[{"start":{"line":76,"column":4},"end":{"line":78,"column":5}},{"start":{},"end":{}}],"line":76},"8":{"loc":{"start":{"line":81,"column":4},"end":{"line":83,"column":5}},"type":"if","locations":[{"start":{"line":81,"column":4},"end":{"line":83,"column":5}},{"start":{},"end":{}}],"line":81},"9":{"loc":{"start":{"line":98,"column":4},"end":{"line":100,"column":5}},"type":"if","locations":[{"start":{"line":98,"column":4},"end":{"line":100,"column":5}},{"start":{},"end":{}}],"line":98},"10":{"loc":{"start":{"line":102,"column":4},"end":{"line":104,"column":5}},"type":"if","locations":[{"start":{"line":102,"column":4},"end":{"line":104,"column":5}},{"start":{},"end":{}}],"line":102},"11":{"loc":{"start":{"line":108,"column":4},"end":{"line":108,"column":84}},"type":"if","locations":[{"start":{"line":108,"column":4},"end":{"line":108,"column":84}},{"start":{},"end":{}}],"line":108},"12":{"loc":{"start":{"line":109,"column":4},"end":{"line":109,"column":90}},"type":"if","locations":[{"start":{"line":109,"column":4},"end":{"line":109,"column":90}},{"start":{},"end":{}}],"line":109},"13":{"loc":{"start":{"line":110,"column":4},"end":{"line":110,"column":93}},"type":"if","locations":[{"start":{"line":110,"column":4},"end":{"line":110,"column":93}},{"start":{},"end":{}}],"line":110},"14":{"loc":{"start":{"line":111,"column":4},"end":{"line":111,"column":93}},"type":"if","locations":[{"start":{"line":111,"column":4},"end":{"line":111,"column":93}},{"start":{},"end":{}}],"line":111},"15":{"loc":{"start":{"line":112,"column":4},"end":{"line":112,"column":75}},"type":"if","locations":[{"start":{"line":112,"column":4},"end":{"line":112,"column":75}},{"start":{},"end":{}}],"line":112},"16":{"loc":{"start":{"line":130,"column":4},"end":{"line":132,"column":5}},"type":"if","locations":[{"start":{"line":130,"column":4},"end":{"line":132,"column":5}},{"start":{},"end":{}}],"line":130},"17":{"loc":{"start":{"line":134,"column":4},"end":{"line":136,"column":5}},"type":"if","locations":[{"start":{"line":134,"column":4},"end":{"line":136,"column":5}},{"start":{},"end":{}}],"line":134},"18":{"loc":{"start":{"line":150,"column":4},"end":{"line":152,"column":5}},"type":"if","locations":[{"start":{"line":150,"column":4},"end":{"line":152,"column":5}},{"start":{},"end":{}}],"line":150}},"s":{"0":0,"1":0,"2":0,"3":0,"4":0,"5":0,"6":0,"7":0,"8":0,"9":0,"10":0,"11":0,"12":0,"13":0,"14":0,"15":0,"16":0,"17":0,"18":0,"19":0,"20":0,"21":0,"22":0,"23":0,"24":0,"25":0,"26":0,"27":0,"28":0,"29":0,"30":0,"31":0,"32":0,"33":0,"34":0,"35":0,"36":0,"37":0,"38":0,"39":0,"40":0,"41":0,"42":0,"43":0,"44":0,"45":0,"46":0,"47":0,"48":0,"49":0,"50":0,"51":0,"52":0,"53":0,"54":0,"55":0,"56":0,"57":0,"58":0,"59":0,"60":0,"61":0,"62":0,"63":0,"64":0,"65":0,"66":0,"67":0,"68":0,"69":0,"70":0,"71":0,"72":0,"73":0,"74":0,"75":0,"76":0,"77":0,"78":0,"79":0,"80":0,"81":0},"f":{"0":0,"1":0,"2":0,"3":0,"4":0,"5":0,"6":0,"7":0,"8":0,"9":0},"b":{"0":[0,0],"1":[0,0],"2":[0,0],"3":[0,0],"4":[0,0],"5":[0,0],"6":[0,0],"7":[0,0],"8":[0,0],"9":[0,0],"10":[0,0],"11":[0,0],"12":[0,0],"13":[0,0],"14":[0,0],"15":[0,0],"16":[0,0],"17":[0,0],"18":[0,0]}}
,"E:\\openclaw\\workspace-studyass-mgr\\backend\\src\\controllers\\practiceController.js": {"path":"E:\\openclaw\\workspace-studyass-mgr\\backend\\src\\controllers\\practiceController.js","statementMap":{"0":{"start":{"line":1,"column":29},"end":{"line":1,"column":65}},"1":{"start":{"line":12,"column":0},"end":{"line":30,"column":2}},"2":{"start":{"line":13,"column":2},"end":{"line":29,"column":3}},"3":{"start":{"line":14,"column":35},"end":{"line":14,"column":43}},"4":{"start":{"line":16,"column":20},"end":{"line":20,"column":6}},"5":{"start":{"line":22,"column":4},"end":{"line":25,"column":7}},"6":{"start":{"line":27,"column":4},"end":{"line":27,"column":38}},"7":{"start":{"line":28,"column":4},"end":{"line":28,"column":45}},"8":{"start":{"line":36,"column":0},"end":{"line":54,"column":2}},"9":{"start":{"line":37,"column":2},"end":{"line":53,"column":3}},"10":{"start":{"line":38,"column":38},"end":{"line":38,"column":47}},"11":{"start":{"line":40,"column":21},"end":{"line":44,"column":6}},"12":{"start":{"line":46,"column":4},"end":{"line":49,"column":7}},"13":{"start":{"line":51,"column":4},"end":{"line":51,"column":38}},"14":{"start":{"line":52,"column":4},"end":{"line":52,"column":45}},"15":{"start":{"line":61,"column":0},"end":{"line":77,"column":2}},"16":{"start":{"line":62,"column":2},"end":{"line":76,"column":3}},"17":{"start":{"line":63,"column":19},"end":{"line":63,"column":29}},"18":{"start":{"line":66,"column":20},"end":{"line":66,"column":71}},"19":{"start":{"line":68,"column":4},"end":{"line":70,"column":5}},"20":{"start":{"line":69,"column":6},"end":{"line":69,"column":59}},"21":{"start":{"line":72,"column":4},"end":{"line":72,"column":32}},"22":{"start":{"line":74,"column":4},"end":{"line":74,"column":38}},"23":{"start":{"line":75,"column":4},"end":{"line":75,"column":45}},"24":{"start":{"line":84,"column":0},"end":{"line":105,"column":2}},"25":{"start":{"line":85,"column":2},"end":{"line":104,"column":3}},"26":{"start":{"line":86,"column":19},"end":{"line":86,"column":29}},"27":{"start":{"line":87,"column":30},"end":{"line":87,"column":38}},"28":{"start":{"line":89,"column":20},"end":{"line":92,"column":6}},"29":{"start":{"line":94,"column":4},"end":{"line":97,"column":7}},"30":{"start":{"line":99,"column":4},"end":{"line":99,"column":36}},"31":{"start":{"line":100,"column":4},"end":{"line":102,"column":5}},"32":{"start":{"line":101,"column":6},"end":{"line":101,"column":60}},"33":{"start":{"line":103,"column":4},"end":{"line":103,"column":45}},"34":{"start":{"line":112,"column":0},"end":{"line":126,"column":2}},"35":{"start":{"line":113,"column":2},"end":{"line":125,"column":3}},"36":{"start":{"line":114,"column":19},"end":{"line":114,"column":29}},"37":{"start":{"line":116,"column":4},"end":{"line":116,"column":55}},"38":{"start":{"line":118,"column":4},"end":{"line":118,"column":34}},"39":{"start":{"line":120,"column":4},"end":{"line":120,"column":36}},"40":{"start":{"line":121,"column":4},"end":{"line":123,"column":5}},"41":{"start":{"line":122,"column":6},"end":{"line":122,"column":60}},"42":{"start":{"line":124,"column":4},"end":{"line":124,"column":45}},"43":{"start":{"line":133,"column":0},"end":{"line":161,"column":2}},"44":{"start":{"line":134,"column":2},"end":{"line":160,"column":3}},"45":{"start":{"line":135,"column":19},"end":{"line":135,"column":29}},"46":{"start":{"line":136,"column":68},"end":{"line":136,"column":76}},"47":{"start":{"line":139,"column":20},"end":{"line":139,"column":71}},"48":{"start":{"line":140,"column":4},"end":{"line":142,"column":5}},"49":{"start":{"line":141,"column":6},"end":{"line":141,"column":59}},"50":{"start":{"line":144,"column":28},"end":{"line":151,"column":6}},"51":{"start":{"line":153,"column":4},"end":{"line":156,"column":7}},"52":{"start":{"line":158,"column":4},"end":{"line":158,"column":36}},"53":{"start":{"line":159,"column":4},"end":{"line":159,"column":45}},"54":{"start":{"line":168,"column":0},"end":{"line":194,"column":2}},"55":{"start":{"line":169,"column":2},"end":{"line":193,"column":3}},"56":{"start":{"line":170,"column":30},"end":{"line":170,"column":40}},"57":{"start":{"line":171,"column":46},"end":{"line":171,"column":54}},"58":{"start":{"line":174,"column":20},"end":{"line":174,"column":78}},"59":{"start":{"line":175,"column":4},"end":{"line":177,"column":5}},"60":{"start":{"line":176,"column":6},"end":{"line":176,"column":59}},"61":{"start":{"line":179,"column":19},"end":{"line":184,"column":5}},"62":{"start":{"line":186,"column":4},"end":{"line":189,"column":7}},"63":{"start":{"line":191,"column":4},"end":{"line":191,"column":36}},"64":{"start":{"line":192,"column":4},"end":{"line":192,"column":45}},"65":{"start":{"line":201,"column":0},"end":{"line":224,"column":2}},"66":{"start":{"line":202,"column":2},"end":{"line":223,"column":3}},"67":{"start":{"line":203,"column":30},"end":{"line":203,"column":40}},"68":{"start":{"line":206,"column":20},"end":{"line":206,"column":78}},"69":{"start":{"line":207,"column":4},"end":{"line":209,"column":5}},"70":{"start":{"line":208,"column":6},"end":{"line":208,"column":59}},"71":{"start":{"line":211,"column":20},"end":{"line":214,"column":5}},"72":{"start":{"line":216,"column":4},"end":{"line":219,"column":7}},"73":{"start":{"line":221,"column":4},"end":{"line":221,"column":38}},"74":{"start":{"line":222,"column":4},"end":{"line":222,"column":45}}},"fnMap":{"0":{"name":"(anonymous_0)","decl":{"start":{"line":12,"column":17},"end":{"line":12,"column":18}},"loc":{"start":{"line":12,"column":37},"end":{"line":30,"column":1}},"line":12},"1":{"name":"(anonymous_1)","decl":{"start":{"line":36,"column":18},"end":{"line":36,"column":19}},"loc":{"start":{"line":36,"column":38},"end":{"line":54,"column":1}},"line":36},"2":{"name":"(anonymous_2)","decl":{"start":{"line":61,"column":17},"end":{"line":61,"column":18}},"loc":{"start":{"line":61,"column":37},"end":{"line":77,"column":1}},"line":61},"3":{"name":"(anonymous_3)","decl":{"start":{"line":84,"column":17},"end":{"line":84,"column":18}},"loc":{"start":{"line":84,"column":37},"end":{"line":105,"column":1}},"line":84},"4":{"name":"(anonymous_4)","decl":{"start":{"line":112,"column":17},"end":{"line":112,"column":18}},"loc":{"start":{"line":112,"column":37},"end":{"line":126,"column":1}},"line":112},"5":{"name":"(anonymous_5)","decl":{"start":{"line":133,"column":22},"end":{"line":133,"column":23}},"loc":{"start":{"line":133,"column":42},"end":{"line":161,"column":1}},"line":133},"6":{"name":"(anonymous_6)","decl":{"start":{"line":168,"column":23},"end":{"line":168,"column":24}},"loc":{"start":{"line":168,"column":43},"end":{"line":194,"column":1}},"line":168},"7":{"name":"(anonymous_7)","decl":{"start":{"line":201,"column":21},"end":{"line":201,"column":22}},"loc":{"start":{"line":201,"column":41},"end":{"line":224,"column":1}},"line":201}},"branchMap":{"0":{"loc":{"start":{"line":42,"column":13},"end":{"line":42,"column":35}},"type":"binary-expr","locations":[{"start":{"line":42,"column":13},"end":{"line":42,"column":28}},{"start":{"line":42,"column":32},"end":{"line":42,"column":35}}],"line":42},"1":{"loc":{"start":{"line":43,"column":14},"end":{"line":43,"column":35}},"type":"binary-expr","locations":[{"start":{"line":43,"column":14},"end":{"line":43,"column":30}},{"start":{"line":43,"column":34},"end":{"line":43,"column":35}}],"line":43},"2":{"loc":{"start":{"line":68,"column":4},"end":{"line":70,"column":5}},"type":"if","locations":[{"start":{"line":68,"column":4},"end":{"line":70,"column":5}},{"start":{},"end":{}}],"line":68},"3":{"loc":{"start":{"line":100,"column":4},"end":{"line":102,"column":5}},"type":"if","locations":[{"start":{"line":100,"column":4},"end":{"line":102,"column":5}},{"start":{},"end":{}}],"line":100},"4":{"loc":{"start":{"line":121,"column":4},"end":{"line":123,"column":5}},"type":"if","locations":[{"start":{"line":121,"column":4},"end":{"line":123,"column":5}},{"start":{},"end":{}}],"line":121},"5":{"loc":{"start":{"line":140,"column":4},"end":{"line":142,"column":5}},"type":"if","locations":[{"start":{"line":140,"column":4},"end":{"line":142,"column":5}},{"start":{},"end":{}}],"line":140},"6":{"loc":{"start":{"line":175,"column":4},"end":{"line":177,"column":5}},"type":"if","locations":[{"start":{"line":175,"column":4},"end":{"line":177,"column":5}},{"start":{},"end":{}}],"line":175},"7":{"loc":{"start":{"line":207,"column":4},"end":{"line":209,"column":5}},"type":"if","locations":[{"start":{"line":207,"column":4},"end":{"line":209,"column":5}},{"start":{},"end":{}}],"line":207}},"s":{"0":0,"1":0,"2":0,"3":0,"4":0,"5":0,"6":0,"7":0,"8":0,"9":0,"10":0,"11":0,"12":0,"13":0,"14":0,"15":0,"16":0,"17":0,"18":0,"19":0,"20":0,"21":0,"22":0,"23":0,"24":0,"25":0,"26":0,"27":0,"28":0,"29":0,"30":0,"31":0,"32":0,"33":0,"34":0,"35":0,"36":0,"37":0,"38":0,"39":0,"40":0,"41":0,"42":0,"43":0,"44":0,"45":0,"46":0,"47":0,"48":0,"49":0,"50":0,"51":0,"52":0,"53":0,"54":0,"55":0,"56":0,"57":0,"58":0,"59":0,"60":0,"61":0,"62":0,"63":0,"64":0,"65":0,"66":0,"67":0,"68":0,"69":0,"70":0,"71":0,"72":0,"73":0,"74":0},"f":{"0":0,"1":0,"2":0,"3":0,"4":0,"5":0,"6":0,"7":0},"b":{"0":[0,0],"1":[0,0],"2":[0,0],"3":[0,0],"4":[0,0],"5":[0,0],"6":[0,0],"7":[0,0]}}
,"E:\\openclaw\\workspace-studyass-mgr\\backend\\src\\controllers\\progressController.js": {"path":"E:\\openclaw\\workspace-studyass-mgr\\backend\\src\\controllers\\progressController.js","statementMap":{"0":{"start":{"line":1,"column":30},"end":{"line":1,"column":67}},"1":{"start":{"line":4,"column":0},"end":{"line":25,"column":2}},"2":{"start":{"line":5,"column":2},"end":{"line":24,"column":3}},"3":{"start":{"line":6,"column":64},"end":{"line":6,"column":72}},"4":{"start":{"line":8,"column":4},"end":{"line":10,"column":5}},"5":{"start":{"line":9,"column":6},"end":{"line":9,"column":60}},"6":{"start":{"line":12,"column":21},"end":{"line":15,"column":6}},"7":{"start":{"line":17,"column":4},"end":{"line":20,"column":7}},"8":{"start":{"line":22,"column":4},"end":{"line":22,"column":38}},"9":{"start":{"line":23,"column":4},"end":{"line":23,"column":45}},"10":{"start":{"line":28,"column":0},"end":{"line":36,"column":2}},"11":{"start":{"line":29,"column":2},"end":{"line":35,"column":3}},"12":{"start":{"line":30,"column":21},"end":{"line":30,"column":67}},"13":{"start":{"line":31,"column":4},"end":{"line":31,"column":33}},"14":{"start":{"line":33,"column":4},"end":{"line":33,"column":38}},"15":{"start":{"line":34,"column":4},"end":{"line":34,"column":45}},"16":{"start":{"line":39,"column":0},"end":{"line":54,"column":2}},"17":{"start":{"line":40,"column":2},"end":{"line":53,"column":3}},"18":{"start":{"line":41,"column":18},"end":{"line":41,"column":61}},"19":{"start":{"line":42,"column":4},"end":{"line":49,"column":7}},"20":{"start":{"line":51,"column":4},"end":{"line":51,"column":38}},"21":{"start":{"line":52,"column":4},"end":{"line":52,"column":45}},"22":{"start":{"line":57,"column":0},"end":{"line":78,"column":2}},"23":{"start":{"line":58,"column":2},"end":{"line":77,"column":3}},"24":{"start":{"line":59,"column":43},"end":{"line":59,"column":51}},"25":{"start":{"line":61,"column":4},"end":{"line":63,"column":5}},"26":{"start":{"line":62,"column":6},"end":{"line":62,"column":65}},"27":{"start":{"line":65,"column":21},"end":{"line":68,"column":6}},"28":{"start":{"line":70,"column":4},"end":{"line":73,"column":7}},"29":{"start":{"line":75,"column":4},"end":{"line":75,"column":38}},"30":{"start":{"line":76,"column":4},"end":{"line":76,"column":45}}},"fnMap":{"0":{"name":"(anonymous_0)","decl":{"start":{"line":4,"column":17},"end":{"line":4,"column":18}},"loc":{"start":{"line":4,"column":31},"end":{"line":25,"column":1}},"line":4},"1":{"name":"(anonymous_1)","decl":{"start":{"line":28,"column":18},"end":{"line":28,"column":19}},"loc":{"start":{"line":28,"column":32},"end":{"line":36,"column":1}},"line":28},"2":{"name":"(anonymous_2)","decl":{"start":{"line":39,"column":19},"end":{"line":39,"column":20}},"loc":{"start":{"line":39,"column":33},"end":{"line":54,"column":1}},"line":39},"3":{"name":"(anonymous_3)","decl":{"start":{"line":57,"column":23},"end":{"line":57,"column":24}},"loc":{"start":{"line":57,"column":37},"end":{"line":78,"column":1}},"line":57}},"branchMap":{"0":{"loc":{"start":{"line":8,"column":4},"end":{"line":10,"column":5}},"type":"if","locations":[{"start":{"line":8,"column":4},"end":{"line":10,"column":5}},{"start":{},"end":{}}],"line":8},"1":{"loc":{"start":{"line":44,"column":21},"end":{"line":44,"column":43}},"type":"binary-expr","locations":[{"start":{"line":44,"column":21},"end":{"line":44,"column":38}},{"start":{"line":44,"column":42},"end":{"line":44,"column":43}}],"line":44},"2":{"loc":{"start":{"line":45,"column":23},"end":{"line":45,"column":47}},"type":"binary-expr","locations":[{"start":{"line":45,"column":23},"end":{"line":45,"column":42}},{"start":{"line":45,"column":46},"end":{"line":45,"column":47}}],"line":45},"3":{"loc":{"start":{"line":46,"column":27},"end":{"line":46,"column":55}},"type":"binary-expr","locations":[{"start":{"line":46,"column":27},"end":{"line":46,"column":50}},{"start":{"line":46,"column":54},"end":{"line":46,"column":55}}],"line":46},"4":{"loc":{"start":{"line":47,"column":25},"end":{"line":47,"column":51}},"type":"binary-expr","locations":[{"start":{"line":47,"column":25},"end":{"line":47,"column":46}},{"start":{"line":47,"column":50},"end":{"line":47,"column":51}}],"line":47},"5":{"loc":{"start":{"line":61,"column":4},"end":{"line":63,"column":5}},"type":"if","locations":[{"start":{"line":61,"column":4},"end":{"line":63,"column":5}},{"start":{},"end":{}}],"line":61},"6":{"loc":{"start":{"line":61,"column":8},"end":{"line":61,"column":38}},"type":"binary-expr","locations":[{"start":{"line":61,"column":8},"end":{"line":61,"column":25}},{"start":{"line":61,"column":29},"end":{"line":61,"column":38}}],"line":61}},"s":{"0":0,"1":0,"2":0,"3":0,"4":0,"5":0,"6":0,"7":0,"8":0,"9":0,"10":0,"11":0,"12":0,"13":0,"14":0,"15":0,"16":0,"17":0,"18":0,"19":0,"20":0,"21":0,"22":0,"23":0,"24":0,"25":0,"26":0,"27":0,"28":0,"29":0,"30":0},"f":{"0":0,"1":0,"2":0,"3":0},"b":{"0":[0,0],"1":[0,0],"2":[0,0],"3":[0,0],"4":[0,0],"5":[0,0],"6":[0,0]}}
,"E:\\openclaw\\workspace-studyass-mgr\\backend\\src\\middleware\\auth.js": {"path":"E:\\openclaw\\workspace-studyass-mgr\\backend\\src\\middleware\\auth.js","statementMap":{"0":{"start":{"line":1,"column":12},"end":{"line":1,"column":35}},"1":{"start":{"line":2,"column":18},"end":{"line":2,"column":43}},"2":{"start":{"line":8,"column":23},"end":{"line":53,"column":1}},"3":{"start":{"line":9,"column":2},"end":{"line":52,"column":3}},"4":{"start":{"line":11,"column":23},"end":{"line":11,"column":48}},"5":{"start":{"line":12,"column":4},"end":{"line":14,"column":5}},"6":{"start":{"line":13,"column":6},"end":{"line":13,"column":59}},"7":{"start":{"line":18,"column":23},"end":{"line":18,"column":58}},"8":{"start":{"line":19,"column":18},"end":{"line":19,"column":58}},"9":{"start":{"line":21,"column":4},"end":{"line":23,"column":5}},"10":{"start":{"line":22,"column":6},"end":{"line":22,"column":59}},"11":{"start":{"line":26,"column":20},"end":{"line":26,"column":61}},"12":{"start":{"line":30,"column":19},"end":{"line":30,"column":48}},"13":{"start":{"line":32,"column":4},"end":{"line":34,"column":5}},"14":{"start":{"line":33,"column":6},"end":{"line":33,"column":61}},"15":{"start":{"line":37,"column":17},"end":{"line":37,"column":42}},"16":{"start":{"line":38,"column":4},"end":{"line":40,"column":5}},"17":{"start":{"line":39,"column":6},"end":{"line":39,"column":54}},"18":{"start":{"line":43,"column":4},"end":{"line":43,"column":20}},"19":{"start":{"line":44,"column":4},"end":{"line":44,"column":26}},"20":{"start":{"line":45,"column":4},"end":{"line":45,"column":29}},"21":{"start":{"line":46,"column":4},"end":{"line":46,"column":11}},"22":{"start":{"line":48,"column":4},"end":{"line":50,"column":5}},"23":{"start":{"line":49,"column":6},"end":{"line":49,"column":60}},"24":{"start":{"line":51,"column":4},"end":{"line":51,"column":52}},"25":{"start":{"line":55,"column":0},"end":{"line":55,"column":32}}},"fnMap":{"0":{"name":"(anonymous_0)","decl":{"start":{"line":8,"column":23},"end":{"line":8,"column":24}},"loc":{"start":{"line":8,"column":43},"end":{"line":53,"column":1}},"line":8}},"branchMap":{"0":{"loc":{"start":{"line":12,"column":4},"end":{"line":14,"column":5}},"type":"if","locations":[{"start":{"line":12,"column":4},"end":{"line":14,"column":5}},{"start":{},"end":{}}],"line":12},"1":{"loc":{"start":{"line":12,"column":8},"end":{"line":12,"column":56}},"type":"binary-expr","locations":[{"start":{"line":12,"column":8},"end":{"line":12,"column":19}},{"start":{"line":12,"column":23},"end":{"line":12,"column":56}}],"line":12},"2":{"loc":{"start":{"line":19,"column":18},"end":{"line":19,"column":58}},"type":"cond-expr","locations":[{"start":{"line":19,"column":31},"end":{"line":19,"column":51}},{"start":{"line":19,"column":54},"end":{"line":19,"column":58}}],"line":19},"3":{"loc":{"start":{"line":21,"column":4},"end":{"line":23,"column":5}},"type":"if","locations":[{"start":{"line":21,"column":4},"end":{"line":23,"column":5}},{"start":{},"end":{}}],"line":21},"4":{"loc":{"start":{"line":30,"column":19},"end":{"line":30,"column":48}},"type":"binary-expr","locations":[{"start":{"line":30,"column":19},"end":{"line":30,"column":30}},{"start":{"line":30,"column":34},"end":{"line":30,"column":48}}],"line":30},"5":{"loc":{"start":{"line":32,"column":4},"end":{"line":34,"column":5}},"type":"if","locations":[{"start":{"line":32,"column":4},"end":{"line":34,"column":5}},{"start":{},"end":{}}],"line":32},"6":{"loc":{"start":{"line":38,"column":4},"end":{"line":40,"column":5}},"type":"if","locations":[{"start":{"line":38,"column":4},"end":{"line":40,"column":5}},{"start":{},"end":{}}],"line":38},"7":{"loc":{"start":{"line":48,"column":4},"end":{"line":50,"column":5}},"type":"if","locations":[{"start":{"line":48,"column":4},"end":{"line":50,"column":5}},{"start":{},"end":{}}],"line":48}},"s":{"0":1,"1":1,"2":1,"3":29,"4":29,"5":29,"6":4,"7":25,"8":25,"9":25,"10":2,"11":23,"12":16,"13":16,"14":3,"15":13,"16":13,"17":1,"18":12,"19":12,"20":12,"21":12,"22":7,"23":1,"24":6,"25":1},"f":{"0":29},"b":{"0":[4,25],"1":[29,27],"2":[24,1],"3":[2,23],"4":[16,4],"5":[3,13],"6":[1,12],"7":[1,6]},"_coverageSchema":"1a1c01bbd47fc00a2c39e90264f33305004495a9","hash":"35579074e0205af7bc55752f6e65cc7d3fbc84db"}
,"E:\\openclaw\\workspace-studyass-mgr\\backend\\src\\middleware\\cache.js": {"path":"E:\\openclaw\\workspace-studyass-mgr\\backend\\src\\middleware\\cache.js","statementMap":{"0":{"start":{"line":6,"column":14},"end":{"line":6,"column":32}},"1":{"start":{"line":9,"column":18},"end":{"line":9,"column":22}},"2":{"start":{"line":12,"column":2},"end":{"line":14,"column":3}},"3":{"start":{"line":13,"column":4},"end":{"line":13,"column":79}},"4":{"start":{"line":15,"column":2},"end":{"line":15,"column":21}},"5":{"start":{"line":25,"column":2},"end":{"line":71,"column":4}},"6":{"start":{"line":27,"column":4},"end":{"line":29,"column":5}},"7":{"start":{"line":28,"column":6},"end":{"line":28,"column":20}},"8":{"start":{"line":31,"column":18},"end":{"line":31,"column":34}},"9":{"start":{"line":35,"column":4},"end":{"line":40,"column":5}},"10":{"start":{"line":36,"column":6},"end":{"line":36,"column":53}},"11":{"start":{"line":39,"column":6},"end":{"line":39,"column":62}},"12":{"start":{"line":42,"column":4},"end":{"line":70,"column":5}},"13":{"start":{"line":44,"column":21},"end":{"line":44,"column":46}},"14":{"start":{"line":45,"column":6},"end":{"line":50,"column":7}},"15":{"start":{"line":46,"column":21},"end":{"line":46,"column":39}},"16":{"start":{"line":47,"column":8},"end":{"line":47,"column":34}},"17":{"start":{"line":48,"column":8},"end":{"line":48,"column":47}},"18":{"start":{"line":49,"column":8},"end":{"line":49,"column":30}},"19":{"start":{"line":53,"column":6},"end":{"line":53,"column":33}},"20":{"start":{"line":55,"column":27},"end":{"line":55,"column":45}},"21":{"start":{"line":56,"column":6},"end":{"line":64,"column":8}},"22":{"start":{"line":58,"column":8},"end":{"line":62,"column":9}},"23":{"start":{"line":59,"column":10},"end":{"line":61,"column":13}},"24":{"start":{"line":60,"column":12},"end":{"line":60,"column":58}},"25":{"start":{"line":63,"column":8},"end":{"line":63,"column":34}},"26":{"start":{"line":66,"column":6},"end":{"line":66,"column":13}},"27":{"start":{"line":68,"column":6},"end":{"line":68,"column":52}},"28":{"start":{"line":69,"column":6},"end":{"line":69,"column":13}},"29":{"start":{"line":79,"column":16},"end":{"line":79,"column":32}},"30":{"start":{"line":80,"column":2},"end":{"line":88,"column":3}},"31":{"start":{"line":81,"column":17},"end":{"line":81,"column":42}},"32":{"start":{"line":82,"column":4},"end":{"line":85,"column":5}},"33":{"start":{"line":83,"column":6},"end":{"line":83,"column":31}},"34":{"start":{"line":84,"column":6},"end":{"line":84,"column":65}},"35":{"start":{"line":87,"column":4},"end":{"line":87,"column":50}},"36":{"start":{"line":98,"column":16},"end":{"line":98,"column":32}},"37":{"start":{"line":99,"column":2},"end":{"line":104,"column":3}},"38":{"start":{"line":100,"column":4},"end":{"line":100,"column":54}},"39":{"start":{"line":101,"column":4},"end":{"line":101,"column":42}},"40":{"start":{"line":103,"column":4},"end":{"line":103,"column":50}},"41":{"start":{"line":111,"column":16},"end":{"line":111,"column":32}},"42":{"start":{"line":112,"column":2},"end":{"line":131,"column":3}},"43":{"start":{"line":113,"column":17},"end":{"line":113,"column":42}},"44":{"start":{"line":114,"column":22},"end":{"line":114,"column":42}},"45":{"start":{"line":117,"column":22},"end":{"line":117,"column":55}},"46":{"start":{"line":118,"column":24},"end":{"line":118,"column":59}},"47":{"start":{"line":120,"column":4},"end":{"line":127,"column":6}},"48":{"start":{"line":129,"column":4},"end":{"line":129,"column":50}},"49":{"start":{"line":130,"column":4},"end":{"line":130,"column":16}},"50":{"start":{"line":134,"column":0},"end":{"line":140,"column":2}}},"fnMap":{"0":{"name":"getCacheClient","decl":{"start":{"line":11,"column":9},"end":{"line":11,"column":23}},"loc":{"start":{"line":11,"column":26},"end":{"line":16,"column":1}},"line":11},"1":{"name":"cacheMiddleware","decl":{"start":{"line":24,"column":9},"end":{"line":24,"column":24}},"loc":{"start":{"line":24,"column":76},"end":{"line":72,"column":1}},"line":24},"2":{"name":"(anonymous_2)","decl":{"start":{"line":25,"column":9},"end":{"line":25,"column":10}},"loc":{"start":{"line":25,"column":35},"end":{"line":71,"column":3}},"line":25},"3":{"name":"(anonymous_3)","decl":{"start":{"line":56,"column":17},"end":{"line":56,"column":18}},"loc":{"start":{"line":56,"column":27},"end":{"line":64,"column":7}},"line":56},"4":{"name":"(anonymous_4)","decl":{"start":{"line":59,"column":65},"end":{"line":59,"column":66}},"loc":{"start":{"line":59,"column":72},"end":{"line":61,"column":11}},"line":59},"5":{"name":"invalidateCache","decl":{"start":{"line":78,"column":15},"end":{"line":78,"column":30}},"loc":{"start":{"line":78,"column":40},"end":{"line":89,"column":1}},"line":78},"6":{"name":"warmCache","decl":{"start":{"line":97,"column":15},"end":{"line":97,"column":24}},"loc":{"start":{"line":97,"column":48},"end":{"line":105,"column":1}},"line":97},"7":{"name":"getCacheStats","decl":{"start":{"line":110,"column":15},"end":{"line":110,"column":28}},"loc":{"start":{"line":110,"column":31},"end":{"line":132,"column":1}},"line":110}},"branchMap":{"0":{"loc":{"start":{"line":12,"column":2},"end":{"line":14,"column":3}},"type":"if","locations":[{"start":{"line":12,"column":2},"end":{"line":14,"column":3}},{"start":{},"end":{}}],"line":12},"1":{"loc":{"start":{"line":13,"column":28},"end":{"line":13,"column":77}},"type":"binary-expr","locations":[{"start":{"line":13,"column":28},"end":{"line":13,"column":49}},{"start":{"line":13,"column":53},"end":{"line":13,"column":77}}],"line":13},"2":{"loc":{"start":{"line":24,"column":25},"end":{"line":24,"column":42}},"type":"default-arg","locations":[{"start":{"line":24,"column":37},"end":{"line":24,"column":42}}],"line":24},"3":{"loc":{"start":{"line":24,"column":44},"end":{"l
[...]
e":97,"column":21},"end":{"line":103,"column":4}},"37":{"start":{"line":98,"column":4},"end":{"line":98,"column":43}},"38":{"start":{"line":99,"column":4},"end":{"line":99,"column":37}},"39":{"start":{"line":106,"column":20},"end":{"line":113,"column":4}},"40":{"start":{"line":107,"column":4},"end":{"line":107,"column":45}},"41":{"start":{"line":108,"column":4},"end":{"line":108,"column":32}},"42":{"start":{"line":109,"column":4},"end":{"line":109,"column":37}},"43":{"start":{"line":115,"column":2},"end":{"line":115,"column":30}},"44":{"start":{"line":116,"column":2},"end":{"line":116,"column":33}},"45":{"start":{"line":117,"column":2},"end":{"line":117,"column":38}},"46":{"start":{"line":119,"column":2},"end":{"line":127,"column":4}},"47":{"start":{"line":123,"column":6},"end":{"line":123,"column":24}},"48":{"start":{"line":124,"column":6},"end":{"line":124,"column":23}},"49":{"start":{"line":125,"column":6},"end":{"line":125,"column":35}},"50":{"start":{"line":131,"column":0},"end":{"line":145,"column":1}},"51":{"start":{"line":132,"column":20},"end":{"line":132,"column":47}},"52":{"start":{"line":135,"column":2},"end":{"line":135,"column":29}},"53":{"start":{"line":138,"column":2},"end":{"line":144,"column":5}},"54":{"start":{"line":139,"column":4},"end":{"line":139,"column":38}},"55":{"start":{"line":140,"column":4},"end":{"line":140,"column":21}},"56":{"start":{"line":141,"column":4},"end":{"line":141,"column":24}},"57":{"start":{"line":142,"column":4},"end":{"line":142,"column":31}},"58":{"start":{"line":143,"column":4},"end":{"line":143,"column":20}},"59":{"start":{"line":147,"column":0},"end":{"line":151,"column":2}}},"fnMap":{"0":{"name":"calculateAllLeaderboards","decl":{"start":{"line":17,"column":15},"end":{"line":17,"column":39}},"loc":{"start":{"line":17,"column":42},"end":{"line":79,"column":1}},"line":17},"1":{"name":"cleanupExpiredCache","decl":{"start":{"line":84,"column":15},"end":{"line":84,"column":34}},"loc":{"start":{"line":84,"column":37},"end":{"line":88,"column":1}},"line":84},"2":{"name":"startLeaderboardScheduler","decl":{"start":{"line":93,"column":9},"end":{"line":93,"column":34}},"loc":{"start":{"line":93,"column":37},"end":{"line":128,"column":1}},"line":93},"3":{"name":"(anonymous_3)","decl":{"start":{"line":97,"column":48},"end":{"line":97,"column":49}},"loc":{"start":{"line":97,"column":60},"end":{"line":100,"column":3}},"line":97},"4":{"name":"(anonymous_4)","decl":{"start":{"line":106,"column":47},"end":{"line":106,"column":48}},"loc":{"start":{"line":106,"column":59},"end":{"line":110,"column":3}},"line":106},"5":{"name":"(anonymous_5)","decl":{"start":{"line":122,"column":10},"end":{"line":122,"column":11}},"loc":{"start":{"line":122,"column":16},"end":{"line":126,"column":5}},"line":122},"6":{"name":"(anonymous_6)","decl":{"start":{"line":138,"column":23},"end":{"line":138,"column":24}},"loc":{"start":{"line":138,"column":35},"end":{"line":144,"column":3}},"line":138}},"branchMap":{"0":{"loc":{"start":{"line":131,"column":0},"end":{"line":145,"column":1}},"type":"if","locations":[{"start":{"line":131,"column":0},"end":{"line":145,"column":1}},{"start":{},"end":{}}],"line":131}},"s":{"0":0,"1":0,"2":0,"3":0,"4":0,"5":0,"6":0,"7":0,"8":0,"9":0,"10":0,"11":0,"12":0,"13":0,"14":0,"15":0,"16":0,"17":0,"18":0,"19":0,"20":0,"21":0,"22":0,"23":0,"24":0,"25":0,"26":0,"27":0,"28":0,"29":0,"30":0,"31":0,"32":0,"33":0,"34":0,"35":0,"36":0,"37":0,"38":0,"39":0,"40":0,"41":0,"42":0,"43":0,"44":0,"45":0,"46":0,"47":0,"48":0,"49":0,"50":0,"51":0,"52":0,"53":0,"54":0,"55":0,"56":0,"57":0,"58":0,"59":0},"f":{"0":0,"1":0,"2":0,"3":0,"4":0,"5":0,"6":0},"b":{"0":[0,0]}}
,"E:\\openclaw\\workspace-studyass-mgr\\backend\\src\\workers\\reportGenerator.js": {"path":"E:\\openclaw\\workspace-studyass-mgr\\backend\\src\\workers\\reportGenerator.js","statementMap":{"0":{"start":{"line":7,"column":19},"end":{"line":7,"column":36}},"1":{"start":{"line":8,"column":23},"end":{"line":8,"column":49}},"2":{"start":{"line":9,"column":25},"end":{"line":9,"column":50}},"3":{"start":{"line":11,"column":15},"end":{"line":11,"column":33}},"4":{"start":{"line":19,"column":64},"end":{"line":19,"column":72}},"5":{"start":{"line":21,"column":2},"end":{"line":21,"column":52}},"6":{"start":{"line":23,"column":2},"end":{"line":106,"column":3}},"7":{"start":{"line":25,"column":17},"end":{"line":27,"column":6}},"8":{"start":{"line":29,"column":4},"end":{"line":31,"column":5}},"9":{"start":{"line":30,"column":6},"end":{"line":30,"column":31}},"10":{"start":{"line":34,"column":23},"end":{"line":34,"column":25}},"11":{"start":{"line":35,"column":4},"end":{"line":46,"column":5}},"12":{"start":{"line":36,"column":6},"end":{"line":39,"column":8}},"13":{"start":{"line":42,"column":19},"end":{"line":42,"column":51}},"14":{"start":{"line":43,"column":6},"end":{"line":45,"column":8}},"15":{"start":{"line":49,"column":21},"end":{"line":62,"column":6}},"16":{"start":{"line":65,"column":27},"end":{"line":68,"column":5}},"17":{"start":{"line":66,"column":18},"end":{"line":66,"column":50}},"18":{"start":{"line":70,"column":29},"end":{"line":73,"column":5}},"19":{"start":{"line":71,"column":18},"end":{"line":71,"column":76}},"20":{"start":{"line":71,"column":50},"end":{"line":71,"column":62}},"21":{"start":{"line":75,"column":21},"end":{"line":77,"column":9}},"22":{"start":{"line":80,"column":19},"end":{"line":94,"column":5}},"23":{"start":{"line":96,"column":4},"end":{"line":96,"column":76}},"24":{"start":{"line":98,"column":4},"end":{"line":101,"column":6}},"25":{"start":{"line":104,"column":4},"end":{"line":104,"column":50}},"26":{"start":{"line":105,"column":4},"end":{"line":105,"column":16}},"27":{"start":{"line":113,"column":17},"end":{"line":127,"column":3}},"28":{"start":{"line":116,"column":6},"end":{"line":116,"column":39}},"29":{"start":{"line":129,"column":2},"end":{"line":131,"column":5}},"30":{"start":{"line":130,"column":4},"end":{"line":130,"column":56}},"31":{"start":{"line":133,"column":2},"end":{"line":135,"column":5}},"32":{"start":{"line":134,"column":4},"end":{"line":134,"column":47}},"33":{"start":{"line":137,"column":2},"end":{"line":139,"column":5}},"34":{"start":{"line":138,"column":4},"end":{"line":138,"column":43}},"35":{"start":{"line":141,"column":2},"end":{"line":141,"column":38}},"36":{"start":{"line":143,"column":2},"end":{"line":143,"column":16}},"37":{"start":{"line":147,"column":0},"end":{"line":156,"column":1}},"38":{"start":{"line":148,"column":17},"end":{"line":148,"column":46}},"39":{"start":{"line":150,"column":2},"end":{"line":155,"column":5}},"40":{"start":{"line":151,"column":4},"end":{"line":151,"column":43}},"41":{"start":{"line":152,"column":4},"end":{"line":152,"column":25}},"42":{"start":{"line":153,"column":4},"end":{"line":153,"column":31}},"43":{"start":{"line":154,"column":4},"end":{"line":154,"column":20}},"44":{"start":{"line":158,"column":0},"end":{"line":161,"column":2}}},"fnMap":{"0":{"name":"generateReport","decl":{"start":{"line":18,"column":15},"end":{"line":18,"column":29}},"loc":{"start":{"line":18,"column":35},"end":{"line":107,"column":1}},"line":18},"1":{"name":"(anonymous_1)","decl":{"start":{"line":66,"column":6},"end":{"line":66,"column":7}},"loc":{"start":{"line":66,"column":18},"end":{"line":66,"column":50}},"line":66},"2":{"name":"(anonymous_2)","decl":{"start":{"line":71,"column":6},"end":{"line":71,"column":7}},"loc":{"start":{"line":71,"column":18},"end":{"line":71,"column":76}},"line":71},"3":{"name":"(anonymous_3)","decl":{"start":{"line":71,"column":45},"end":{"line":71,"column":46}},"loc":{"start":{"line":71,"column":50},"end":{"line":71,"column":62}},"line":71},"4":{"name":"createReportGeneratorWorker","decl":{"start":{"line":112,"column":9},"end":{"line":112,"column":36}},"loc":{"start":{"line":112,"column":39},"end":{"line":144,"column":1}},"line":112},"5":{"name":"(anonymous_5)","decl":{"start":{"line":115,"column":4},"end":{"line":115,"column":5}},"loc":{"start":{"line":115,"column":19},"end":{"line":117,"column":5}},"line":115},"6":{"name":"(anonymous_6)","decl":{"start":{"line":129,"column":25},"end":{"line":129,"column":26}},"loc":{"start":{"line":129,"column":34},"end":{"line":131,"column":3}},"line":129},"7":{"name":"(anonymous_7)","decl":{"start":{"line":133,"column":22},"end":{"line":133,"column":23}},"loc":{"start":{"line":133,"column":36},"end":{"line":135,"column":3}},"line":133},"8":{"name":"(anonymous_8)","decl":{"start":{"line":137,"column":21},"end":{"line":137,"column":22}},"loc":{"start":{"line":137,"column":30},"end":{"line":139,"column":3}},"line":137},"9":{"name":"(anonymous_9)","decl":{"start":{"line":150,"column":23},"end":{"line":150,"column":24}},"loc":{"start":{"line":150,"column":35},"end":{"line":155,"column":3}},"line":150}},"branchMap":{"0":{"loc":{"start":{"line":19,"column":18},"end":{"line":19,"column":39}},"type":"default-arg","locations":[{"start":{"line":19,"column":31},"end":{"line":19,"column":39}}],"line":19},"1":{"loc":{"start":{"line":29,"column":4},"end":{"line":31,"column":5}},"type":"if","locations":[{"start":{"line":29,"column":4},"end":{"line":31,"column":5}},{"start":{},"end":{}}],"line":29},"2":{"loc":{"start":{"line":35,"column":4},"end":{"line":46,"column":5}},"type":"if","locations":[{"start":{"line":35,"column":4},"end":{"line":46,"column":5}},{"start":{"line":40,"column":11},"end":{"line":46,"column":5}}],"line":35},"3":{"loc":{"start":{"line":35,"column":8},"end":{"line":35,"column":28}},"type":"binary-expr","locations":[{"start":{"line":35,"column":8},"end":{"line":35,"column":17}},{"start":{"line":35,"column":21},"end":{"line":35,"column":28}}],"line":35},"4":{"loc":{"start":{"line":42,"column":19},"end":{"line":42,"column":51}},"type":"cond-expr","locations":[{"start":{"line":42,"column":45},"end":{"line":42,"column":46}},{"start":{"line":42,"column":49},"end":{"line":42,"column":51}}],"line":42},"5":{"loc":{"start":{"line":66,"column":25},"end":{"line":66,"column":49}},"type":"binary-expr","locations":[{"start":{"line":66,"column":25},"end":{"line":66,"column":44}},{"start":{"line":66,"column":48},"end":{"line":66,"column":49}}],"line":66},"6":{"loc":{"start":{"line":71,"column":25},"end":{"line":71,"column":75}},"type":"binary-expr","locations":[{"start":{"line":71,"column":25},"end":{"line":71,"column":70}},{"start":{"line":71,"column":74},"end":{"line":71,"column":75}}],"line":71},"7":{"loc":{"start":{"line":75,"column":21},"end":{"line":77,"column":9}},"type":"cond-expr","locations":[{"start":{"line":76,"column":8},"end":{"line":76,"column":62}},{"start":{"line":77,"column":8},"end":{"line":77,"column":9}}],"line":75},"8":{"loc":{"start":{"line":85,"column":17},"end":{"line":85,"column":85}},"type":"binary-expr","locations":[{"start":{"line":85,"column":17},"end":{"line":85,"column":57}},{"start":{"line":85,"column":61},"end":{"line":85,"column":85}}],"line":85},"9":{"loc":{"start":{"line":147,"column":0},"end":{"line":156,"column":1}},"type":"if","locations":[{"start":{"line":147,"column":0},"end":{"line":156,"column":1}},{"start":{},"end":{}}],"line":147}},"s":{"0":0,"1":0,"2":0,"3":0,"4":0,"5":0,"6":0,"7":0,"8":0,"9":0,"10":0,"11":0,"12":0,"13":0,"14":0,"15":0,"16":0,"17":0,"18":0,"19":0,"20":0,"21":0,"22":0,"23":0,"24":0,"25":0,"26":0,"27":0,"28":0,"29":0,"30":0,"31":0,"32":0,"33":0,"34":0,"35":0,"36":0,"37":0,"38":0,"39":0,"40":0,"41":0,"42":0,"43":0,"44":0},"f":{"0":0,"1":0,"2":0,"3":0,"4":0,"5":0,"6":0,"7":0,"8":0,"9":0},"b":{"0":[0],"1":[0,0],"2":[0,0],"3":[0,0],"4":[0,0],"5":[0,0],"6":[0,0],"7":[0,0],"8":[0,0],"9":[0,0]}}
,"E:\\openclaw\\workspace-studyass-mgr\\backend\\src\\workers\\textbookParser.js": {"path":"E:\\openclaw\\workspace-studyass-mgr\\backend\\src\\workers\\textbookParser.js","statementMap":{"0":{"start":{"line":7,"column":19},"end":{"line":7,"column":36}},"1":{"start":{"line":8,"column":23},"end":{"line":8,"column":49}},"2":{"start":{"line":9,"column":25},"end":{"line":9,"column":50}},"3":{"start":{"line":10,"column":11},"end":{"line":10,"column":33}},"4":{"start":{"line":11,"column":13},"end":{"line":11,"column":28}},"5":{"start":{"line":12,"column":30},"end":{"line":12,"column":89}},"6":{"start":{"line":14,"column":15},"end":{"line":14,"column":33}},"7":{"start":{"line":22,"column":35},"end":{"line":22,"column":43}},"8":{"start":{"line":24,"column":2},"end":{"line":24,"column":58}},"9":{"start":{"line":26,"column":20},"end":{"line":26,"column":30}},"10":{"start":{"line":28,"column":2},"end":{"line":96,"column":3}},"11":{"start":{"line":30,"column":4},"end":{"line":33,"column":7}},"12":{"start":{"line":38,"column":4},"end":{"line":47,"column":5}},"13":{"start":{"line":40,"column":6},"end":{"line":40,"column":32}},"14":{"start":{"line":41,"column":6},"end":{"line":44,"column":9}},"15":{"start":{"line":42,"column":8},"end":{"line":42,"column":64}},"16":{"start":{"line":43,"column":8},"end":{"line":43,"column":105}},"17":{"start":{"line":46,"column":6},"end":{"line":46,"column":40}},"18":{"start":{"line":49,"column":4},"end":{"line":51,"column":5}},"19":{"start":{"line":50,"column":6},"end":{"line":50,"column":51}},"20":{"start":{"line":54,"column":23},"end":{"line":54,"column":45}},"21":{"start":{"line":56,"column":4},"end":{"line":63,"column":7}},"22":{"start":{"line":65,"column":4},"end":{"line":65,"column":63}},"23":{"start":{"line":66,"column":4},"end":{"line":66,"column":73}},"24":{"start":{"line":67,"column":4},"end":{"line":67,"column":77}},"25":{"start":{"line":68,"column":4},"end":{"line":68,"column":80}},"26":{"start":{"line":69,"column":4},"end":{"line":69,"column":88}},"27":{"start":{"line":71,"column":4},"end":{"line":80,"column":6}},"28":{"start":{"line":83,"column":4},"end":{"line":83,"column":54}},"29":{"start":{"line":86,"column":4},"end":{"line":93,"column":7}},"30":{"start":{"line":95,"column":4},"end":{"line":95,"column":16}},"31":{"start":{"line":103,"column":17},"end":{"line":117,"column":3}},"32":{"start":{"line":106,"column":6},"end":{"line":106,"column":41}},"33":{"start":{"line":119,"column":2},"end":{"line":121,"column":5}},"34":{"start":{"line":120,"column":4},"end":{"line":120,"column":54}},"35":{"start":{"line":123,"column":2},"end":{"line":125,"column":5}},"36":{"start":{"line":124,"column":4},"end":{"line":124,"column":45}},"37":{"start":{"line":127,"column":2},"end":{"line":129,"column":5}},"38":{"start":{"line":128,"column":4},"end":{"line":128,"column":40}},"39":{"start":{"line":131,"column":2},"end":{"line":131,"column":36}},"40":{"start":{"line":133,"column":2},"end":{"line":133,"column":16}},"41":{"start":{"line":137,"column":0},"end":{"line":147,"column":1}},"42":{"start":{"line":138,"column":17},"end":{"line":138,"column":45}},"43":{"start":{"line":141,"column":2},"end":{"line":146,"column":5}},"44":{"start":{"line":142,"column":4},"end":{"line":142,"column":43}},"45":{"start":{"line":143,"column":4},"end":{"line":143,"column":25}},"46":{"start":{"line":144,"column":4},"end":{"line":144,"column":31}},"47":{"start":{"line":145,"column":4},"end":{"line":145,"column":20}},"48":{"start":{"line":149,"column":0},"end":{"line":152,"column":2}}},"fnMap":{"0":{"name":"parseTextbookPDF","decl":{"start":{"line":21,"column":15},"end":{"line":21,"column":31}},"loc":{"start":{"line":21,"column":37},"end":{"line":97,"column":1}},"line":21},"1":{"name":"(anonymous_1)","decl":{"start":{"line":41,"column":84},"end":{"line":41,"column":85}},"loc":{"start":{"line":41,"column":98},"end":{"line":44,"column":7}},"line":41},"2":{"name":"createTextbookParserWorker","decl":{"start":{"line":102,"column":9},"end":{"line":102,"column":35}},"loc":{"start":{"line":102,"column":38},"end":{"line":134,"column":1}},"line":102},"3":{"name":"(anonymous_3)","decl":{"start":{"line":105,"column":4},"end":{"line":105,"column":5}},"loc":{"start":{"line":105,"column":19},"end":{"line":107,"column":5}},"line":105},"4":{"name":"(anonymous_4)","decl":{"start":{"line":119,"column":25},"end":{"line":119,"column":26}},"loc":{"start":{"line":119,"column":34},"end":{"line":121,"column":3}},"line":119},"5":{"name":"(anonymous_5)","decl":{"start":{"line":123,"column":22},"end":{"line":123,"column":23}},"loc":{"start":{"line":123,"column":36},"end":{"line":125,"column":3}},"line":123},"6":{"name":"(anonymous_6)","decl":{"start":{"line":127,"column":21},"end":{"line":127,"column":22}},"loc":{"start":{"line":127,"column":30},"end":{"line":129,"column":3}},"line":127},"7":{"name":"(anonymous_7)","decl":{"start":{"line":141,"column":23},"end":{"line":141,"column":24}},"loc":{"start":{"line":141,"column":35},"end":{"line":146,"column":3}},"line":141}},"branchMap":{"0":{"loc":{"start":{"line":38,"column":4},"end":{"line":47,"column":5}},"type":"if","locations":[{"start":{"line":38,"column":4},"end":{"line":47,"column":5}},{"start":{"line":45,"column":11},"end":{"line":47,"column":5}}],"line":38},"1":{"loc":{"start":{"line":49,"column":4},"end":{"line":51,"column":5}},"type":"if","locations":[{"start":{"line":49,"column":4},"end":{"line":51,"column":5}},{"start":{},"end":{}}],"line":49},"2":{"loc":{"start":{"line":50,"column":22},"end":{"line":50,"column":49}},"type":"binary-expr","locations":[{"start":{"line":50,"column":22},"end":{"line":50,"column":39}},{"start":{"line":50,"column":43},"end":{"line":50,"column":49}}],"line":50},"3":{"loc":{"start":{"line":66,"column":27},"end":{"line":66,"column":69}},"type":"binary-expr","locations":[{"start":{"line":66,"column":27},"end":{"line":66,"column":64}},{"start":{"line":66,"column":68},"end":{"line":66,"column":69}}],"line":66},"4":{"loc":{"start":{"line":67,"column":28},"end":{"line":67,"column":73}},"type":"binary-expr","locations":[{"start":{"line":67,"column":28},"end":{"line":67,"column":68}},{"start":{"line":67,"column":72},"end":{"line":67,"column":73}}],"line":67},"5":{"loc":{"start":{"line":68,"column":28},"end":{"line":68,"column":76}},"type":"binary-expr","locations":[{"start":{"line":68,"column":28},"end":{"line":68,"column":71}},{"start":{"line":68,"column":75},"end":{"line":68,"column":76}}],"line":68},"6":{"loc":{"start":{"line":69,"column":29},"end":{"line":69,"column":84}},"type":"binary-expr","locations":[{"start":{"line":69,"column":29},"end":{"line":69,"column":79}},{"start":{"line":69,"column":83},"end":{"line":69,"column":84}}],"line":69},"7":{"loc":{"start":{"line":74,"column":17},"end":{"line":74,"column":59}},"type":"binary-expr","locations":[{"start":{"line":74,"column":17},"end":{"line":74,"column":54}},{"start":{"line":74,"column":58},"end":{"line":74,"column":59}}],"line":74},"8":{"loc":{"start":{"line":75,"column":18},"end":{"line":75,"column":63}},"type":"binary-expr","locations":[{"start":{"line":75,"column":18},"end":{"line":75,"column":58}},{"start":{"line":75,"column":62},"end":{"line":75,"column":63}}],"line":75},"9":{"loc":{"start":{"line":76,"column":21},"end":{"line":76,"column":69}},"type":"binary-expr","locations":[{"start":{"line":76,"column":21},"end":{"line":76,"column":64}},{"start":{"line":76,"column":68},"end":{"line":76,"column":69}}],"line":76},"10":{"loc":{"start":{"line":77,"column":28},"end":{"line":77,"column":83}},"type":"binary-expr","locations":[{"start":{"line":77,"column":28},"end":{"line":77,"column":78}},{"start":{"line":77,"column":82},"end":{"line":77,"column":83}}],"line":77},"11":{"loc":{"start":{"line":137,"column":0},"end":{"line":147,"column":1}},"type":"if","locations":[{"start":{"line":137,"column":0},"end":{"line":147,"column":1}},{"start":{},"end":{}}],"line":137}},"s":{"0":0,"1":0,"2":0,"3":0,"4":0,"5":0,"6":0,"7":0,"8":0,"9":0,"10":0,"11":0,"12":0,"13":0,"14":0,"15":0,"16":0,"17":0,"18":0,"19":0,"20":0,"21":0,"22":0,"23":0,"24":0,"25":0,"26":0,"27":0,"28":0,"29":0,"30":0,"31":0,"32":0,"33":0,"34":0,"35":0,"36":0,"37":0,"38":0,"39":0,"40":0,"41":0,"42":0,"43":0,"44":0,"45":0,"46":0,"47":0,"48":0},"f":{"0":0,"1":0,"2":0,"3":0,"4":0,"5":0,"6":0,"7":0},"b":{"0":[0,0],"1":[0,0],"2":[0,0],"3":[0,0],"4":[0,0],"5":[0,0],"6":[0,0],"7":[0,0],"8":[0,0],"9":[0,0],"10":[0,0],"11":[0,0]}}
}
